2024-06-27 17:32:49.714 [info] Added views:workbench.panel.markers.view in workbench.panel.markers
2024-06-27 17:32:49.714 [info] Added views:workbench.panel.output in workbench.panel.output
2024-06-27 17:32:49.714 [info] Added views:terminal in terminal
2024-06-27 17:32:49.714 [info] Added views:outline in workbench.view.explorer
2024-06-27 17:32:49.714 [info] Added views:workbench.scm in workbench.view.scm
2024-06-27 17:32:49.714 [info] Added views:workbench.view.search in workbench.view.search
2024-06-27 17:32:49.714 [info] Added views:timeline in workbench.view.explorer
2024-06-27 17:32:49.714 [info] Added views:workbench.explorer.fileView in workbench.view.explorer
2024-06-27 17:32:49.983 [info] Added views:workbench.debug.variablesView,workbench.debug.watchExpressionsView,workbench.debug.callStackView,workbench.debug.breakPointsView in workbench.view.debug
2024-06-27 17:32:50.274 [info] Added views:workbench.panel.repl.view in workbench.panel.repl
2024-06-27 17:32:52.063 [info] Added views:~remote.forwardedPorts in ~remote.forwardedPortsContainer
2024-06-27 17:32:52.164 [info] Added views:workbench.views.extensions.installed,extensions.recommendedList in workbench.view.extensions
2024-06-27 17:32:55.347 [info] Removed views:extensions.recommendedList,workbench.views.extensions.installed from workbench.view.extensions
2024-06-27 17:32:55.353 [info] Added views:workbench.views.extensions.marketplace in workbench.view.extensions
2024-06-27 17:33:35.004 [info] Added views:workbench.panel.markers.view in workbench.panel.markers
2024-06-27 17:33:35.004 [info] Added views:workbench.panel.output in workbench.panel.output
2024-06-27 17:33:35.004 [info] Added views:terminal in terminal
2024-06-27 17:33:35.004 [info] Added views:outline in workbench.view.explorer
2024-06-27 17:33:35.004 [info] Added views:workbench.scm in workbench.view.scm
2024-06-27 17:33:35.004 [info] Added views:workbench.view.search in workbench.view.search
2024-06-27 17:33:35.004 [info] Added views:timeline in workbench.view.explorer
2024-06-27 17:33:35.004 [info] Added views:workbench.explorer.fileView in workbench.view.explorer
2024-06-27 17:33:35.244 [info] Added views:workbench.debug.variablesView,workbench.debug.watchExpressionsView,workbench.debug.callStackView,workbench.debug.breakPointsView in workbench.view.debug
2024-06-27 17:33:35.310 [info] Added views:workbench.panel.repl.view in workbench.panel.repl
2024-06-27 17:33:35.339 [info] Added views:~remote.forwardedPorts in ~remote.forwardedPortsContainer
