2024-06-26 02:55:01.895 [info] Log level: Info
2024-06-26 02:55:01.895 [info] Validating found git in: "git"
2024-06-26 02:55:01.895 [info] Using git "2.45.0" from "git"
2024-06-26 02:55:01.895 [info] > git rev-parse --show-toplevel [2ms]
2024-06-26 02:55:01.895 [info] > git rev-parse --git-dir --git-common-dir [1ms]
2024-06-26 02:55:01.895 [info] Open repository: /home/akuma/usr/Codes/Data-Structure-Final-Project
2024-06-26 02:55:01.901 [info] > git config --get commit.template [3ms]
2024-06-26 02:55:01.902 [info] > git rev-parse --show-toplevel [2ms]
2024-06-26 02:55:01.913 [info] > git rev-parse --show-toplevel [5ms]
2024-06-26 02:55:01.913 [info] > git for-each-ref --format=%(refname)%00%(upstream:short)%00%(objectname)%00%(upstream:track)%00%(upstream:remotename)%00%(upstream:remoteref) refs/heads/main refs/remotes/main [8ms]
2024-06-26 02:55:01.919 [info] > git status -z -uall [2ms]
2024-06-26 02:55:01.933 [info] > git merge-base refs/heads/main refs/remotes/origin/main [9ms]
2024-06-26 02:55:01.937 [info] > git rev-list --count --left-right refs/heads/main...refs/remotes/origin/main [2ms]
2024-06-26 02:55:01.940 [info] > git config --get commit.template [8ms]
2024-06-26 02:55:01.943 [info] > git diff --name-status -z --diff-filter=ADMR 4297c1a8fb83bbd7ae35ae70e286204abf1e492a...refs/remotes/origin/main [4ms]
2024-06-26 02:55:01.964 [info] > git for-each-ref --format=%(refname)%00%(upstream:short)%00%(objectname)%00%(upstream:track)%00%(upstream:remotename)%00%(upstream:remoteref) refs/heads/main refs/remotes/main [5ms]
2024-06-26 02:55:01.968 [info] > git status -z -uall [0ms]
2024-06-26 02:55:02.455 [info] > git show --textconv :main.cpp [3ms]
2024-06-26 02:55:02.455 [info] > git ls-files --stage -- /home/akuma/usr/Codes/Data-Structure-Final-Project/main.cpp [1ms]
2024-06-26 02:55:02.459 [info] > git cat-file -s c0948b2f05c35a90af8579cb4ea0c2935ec2bc47 [1ms]
2024-06-26 02:55:02.477 [info] > git check-ignore -v -z --stdin [1ms]
2024-06-26 02:55:03.128 [info] > git ls-files --stage -- /home/akuma/usr/Codes/Data-Structure-Final-Project/main.cpp [1ms]
2024-06-26 02:55:03.131 [info] > git cat-file -s c0948b2f05c35a90af8579cb4ea0c2935ec2bc47 [1ms]
2024-06-26 02:55:03.135 [info] > git show --textconv :main.cpp [1ms]
2024-06-26 02:55:03.584 [info] > git fetch [1690ms]
2024-06-26 02:55:03.584 [info] Missing or invalid credentials.
Skip silent fetch commands
git@github.com: Permission denied (publickey).
fatal: Could not read from remote repository.

Please make sure you have the correct access rights
and the repository exists.
2024-06-26 02:55:03.590 [info] > git config --get commit.template [2ms]
2024-06-26 02:55:03.591 [info] > git for-each-ref --format=%(refname)%00%(upstream:short)%00%(objectname)%00%(upstream:track)%00%(upstream:remotename)%00%(upstream:remoteref) refs/heads/main refs/remotes/main [1ms]
2024-06-26 02:55:03.595 [info] > git status -z -uall [1ms]
2024-06-26 02:58:17.511 [info] > git ls-files --stage -- /home/akuma/usr/Codes/Data-Structure-Final-Project/main.cpp [1ms]
2024-06-26 02:58:17.514 [info] > git cat-file -s c0948b2f05c35a90af8579cb4ea0c2935ec2bc47 [1ms]
2024-06-26 02:58:17.518 [info] > git show --textconv :main.cpp [1ms]
2024-06-26 02:58:17.891 [info] > git fetch [1598ms]
2024-06-26 02:58:17.891 [info] Missing or invalid credentials.
Skip silent fetch commands
git@github.com: Permission denied (publickey).
fatal: Could not read from remote repository.

Please make sure you have the correct access rights
and the repository exists.
2024-06-26 02:58:17.897 [info] > git config --get commit.template [3ms]
2024-06-26 02:58:17.897 [info] > git for-each-ref --format=%(refname)%00%(upstream:short)%00%(objectname)%00%(upstream:track)%00%(upstream:remotename)%00%(upstream:remoteref) refs/heads/main refs/remotes/main [1ms]
2024-06-26 02:58:17.901 [info] > git status -z -uall [1ms]
2024-06-26 02:58:28.423 [info] > git config --get commit.template [1ms]
2024-06-26 02:58:28.429 [info] > git for-each-ref --format=%(refname)%00%(upstream:short)%00%(objectname)%00%(upstream:track)%00%(upstream:remotename)%00%(upstream:remoteref) refs/heads/main refs/remotes/main [1ms]
2024-06-26 02:58:28.436 [info] > git status -z -uall [2ms]
2024-06-26 02:58:53.515 [info] > git config --get commit.template [3ms]
2024-06-26 02:58:53.515 [info] > git for-each-ref --format=%(refname)%00%(upstream:short)%00%(objectname)%00%(upstream:track)%00%(upstream:remotename)%00%(upstream:remoteref) refs/heads/main refs/remotes/main [0ms]
2024-06-26 02:58:53.518 [info] > git status -z -uall [0ms]
2024-06-26 03:00:15.758 [info] > git config --get commit.template [2ms]
2024-06-26 03:00:15.759 [info] > git for-each-ref --format=%(refname)%00%(upstream:short)%00%(objectname)%00%(upstream:track)%00%(upstream:remotename)%00%(upstream:remoteref) refs/heads/main refs/remotes/main [1ms]
2024-06-26 03:00:15.762 [info] > git status -z -uall [0ms]
2024-06-26 03:01:19.136 [info] > git ls-files --stage -- /home/akuma/usr/Codes/Data-Structure-Final-Project/main.cpp [1ms]
2024-06-26 03:01:19.139 [info] > git cat-file -s c0948b2f05c35a90af8579cb4ea0c2935ec2bc47 [1ms]
2024-06-26 03:01:19.143 [info] > git show --textconv :main.cpp [1ms]
2024-06-26 03:01:19.502 [info] > git fetch [1581ms]
2024-06-26 03:01:19.502 [info] Missing or invalid credentials.
Skip silent fetch commands
git@github.com: Permission denied (publickey).
fatal: Could not read from remote repository.

Please make sure you have the correct access rights
and the repository exists.
2024-06-26 03:01:19.507 [info] > git config --get commit.template [2ms]
2024-06-26 03:01:19.508 [info] > git for-each-ref --format=%(refname)%00%(upstream:short)%00%(objectname)%00%(upstream:track)%00%(upstream:remotename)%00%(upstream:remoteref) refs/heads/main refs/remotes/main [1ms]
2024-06-26 03:01:19.511 [info] > git status -z -uall [1ms]
2024-06-26 03:04:19.537 [info] > git fetch [4ms]
2024-06-26 03:04:19.537 [info] ssh: Could not resolve hostname github.com: Temporary failure in name resolution
fatal: Could not read from remote repository.

Please make sure you have the correct access rights
and the repository exists.
2024-06-26 03:04:19.543 [info] > git config --get commit.template [3ms]
2024-06-26 03:04:19.543 [info] > git for-each-ref --format=%(refname)%00%(upstream:short)%00%(objectname)%00%(upstream:track)%00%(upstream:remotename)%00%(upstream:remoteref) refs/heads/main refs/remotes/main [1ms]
2024-06-26 03:04:19.547 [info] > git status -z -uall [1ms]
2024-06-26 03:04:20.616 [info] > git config --get commit.template [0ms]
2024-06-26 03:04:20.619 [info] > git for-each-ref --format=%(refname)%00%(upstream:short)%00%(objectname)%00%(upstream:track)%00%(upstream:remotename)%00%(upstream:remoteref) refs/heads/main refs/remotes/main [1ms]
2024-06-26 03:04:20.622 [info] > git status -z -uall [1ms]
2024-06-26 03:04:20.715 [info] > git ls-files --stage -- /home/akuma/usr/Codes/Data-Structure-Final-Project/main.cpp [1ms]
2024-06-26 03:04:20.717 [info] > git cat-file -s c0948b2f05c35a90af8579cb4ea0c2935ec2bc47 [0ms]
2024-06-26 03:04:20.721 [info] > git show --textconv :main.cpp [1ms]
2024-06-26 03:07:19.566 [info] > git fetch [4ms]
2024-06-26 03:07:19.566 [info] ssh: Could not resolve hostname github.com: Temporary failure in name resolution
fatal: Could not read from remote repository.

Please make sure you have the correct access rights
and the repository exists.
2024-06-26 03:07:19.571 [info] > git config --get commit.template [3ms]
2024-06-26 03:07:19.571 [info] > git for-each-ref --format=%(refname)%00%(upstream:short)%00%(objectname)%00%(upstream:track)%00%(upstream:remotename)%00%(upstream:remoteref) refs/heads/main refs/remotes/main [0ms]
2024-06-26 03:07:19.574 [info] > git status -z -uall [0ms]
2024-06-26 03:07:20.648 [info] > git config --get commit.template [2ms]
2024-06-26 03:07:20.648 [info] > git for-each-ref --format=%(refname)%00%(upstream:short)%00%(objectname)%00%(upstream:track)%00%(upstream:remotename)%00%(upstream:remoteref) refs/heads/main refs/remotes/main [1ms]
2024-06-26 03:07:20.651 [info] > git status -z -uall [0ms]
2024-06-26 03:07:20.744 [info] > git ls-files --stage -- /home/akuma/usr/Codes/Data-Structure-Final-Project/main.cpp [0ms]
2024-06-26 03:07:20.747 [info] > git cat-file -s c0948b2f05c35a90af8579cb4ea0c2935ec2bc47 [1ms]
2024-06-26 03:07:20.751 [info] > git show --textconv :main.cpp [0ms]
2024-06-26 03:09:19.628 [info] > git config --get commit.template [3ms]
2024-06-26 03:09:19.628 [info] > git for-each-ref --format=%(refname)%00%(upstream:short)%00%(objectname)%00%(upstream:track)%00%(upstream:remotename)%00%(upstream:remoteref) refs/heads/main refs/remotes/main [1ms]
2024-06-26 03:09:19.631 [info] > git status -z -uall [1ms]
2024-06-26 03:09:38.865 [info] > git config --get commit.template [3ms]
2024-06-26 03:09:38.865 [info] > git for-each-ref --format=%(refname)%00%(upstream:short)%00%(objectname)%00%(upstream:track)%00%(upstream:remotename)%00%(upstream:remoteref) refs/heads/main refs/remotes/main [0ms]
2024-06-26 03:09:38.869 [info] > git status -z -uall [1ms]
2024-06-26 03:10:19.600 [info] > git fetch [4ms]
2024-06-26 03:10:19.600 [info] ssh: Could not resolve hostname github.com: Temporary failure in name resolution
fatal: Could not read from remote repository.

Please make sure you have the correct access rights
and the repository exists.
2024-06-26 03:10:19.606 [info] > git config --get commit.template [3ms]
2024-06-26 03:10:19.606 [info] > git for-each-ref --format=%(refname)%00%(upstream:short)%00%(objectname)%00%(upstream:track)%00%(upstream:remotename)%00%(upstream:remoteref) refs/heads/main refs/remotes/main [1ms]
2024-06-26 03:10:19.610 [info] > git status -z -uall [1ms]
2024-06-26 03:10:20.681 [info] > git config --get commit.template [2ms]
2024-06-26 03:10:20.682 [info] > git for-each-ref --format=%(refname)%00%(upstream:short)%00%(objectname)%00%(upstream:track)%00%(upstream:remotename)%00%(upstream:remoteref) refs/heads/main refs/remotes/main [1ms]
2024-06-26 03:10:20.685 [info] > git status -z -uall [1ms]
2024-06-26 03:10:20.779 [info] > git ls-files --stage -- /home/akuma/usr/Codes/Data-Structure-Final-Project/main.cpp [1ms]
2024-06-26 03:10:20.782 [info] > git cat-file -s c0948b2f05c35a90af8579cb4ea0c2935ec2bc47 [1ms]
2024-06-26 03:10:20.786 [info] > git show --textconv :main.cpp [1ms]
2024-06-26 03:13:22.853 [info] > git fetch [5ms]
2024-06-26 03:13:22.853 [info] ssh: Could not resolve hostname github.com: Temporary failure in name resolution
fatal: Could not read from remote repository.

Please make sure you have the correct access rights
and the repository exists.
2024-06-26 03:13:22.860 [info] > git config --get commit.template [4ms]
2024-06-26 03:13:22.860 [info] > git for-each-ref --format=%(refname)%00%(upstream:short)%00%(objectname)%00%(upstream:track)%00%(upstream:remotename)%00%(upstream:remoteref) refs/heads/main refs/remotes/main [0ms]
2024-06-26 03:13:22.865 [info] > git status -z -uall [1ms]
2024-06-26 03:13:23.931 [info] > git config --get commit.template [1ms]
2024-06-26 03:13:23.933 [info] > git for-each-ref --format=%(refname)%00%(upstream:short)%00%(objectname)%00%(upstream:track)%00%(upstream:remotename)%00%(upstream:remoteref) refs/heads/main refs/remotes/main [0ms]
2024-06-26 03:13:23.937 [info] > git status -z -uall [1ms]
2024-06-26 03:13:24.031 [info] > git ls-files --stage -- /home/akuma/usr/Codes/Data-Structure-Final-Project/main.cpp [1ms]
2024-06-26 03:13:24.033 [info] > git cat-file -s c0948b2f05c35a90af8579cb4ea0c2935ec2bc47 [0ms]
2024-06-26 03:13:24.038 [info] > git show --textconv :main.cpp [1ms]
2024-06-26 03:16:22.893 [info] > git fetch [4ms]
2024-06-26 03:16:22.893 [info] ssh: Could not resolve hostname github.com: Temporary failure in name resolution
fatal: Could not read from remote repository.

Please make sure you have the correct access rights
and the repository exists.
2024-06-26 03:16:22.898 [info] > git config --get commit.template [2ms]
2024-06-26 03:16:22.899 [info] > git for-each-ref --format=%(refname)%00%(upstream:short)%00%(objectname)%00%(upstream:track)%00%(upstream:remotename)%00%(upstream:remoteref) refs/heads/main refs/remotes/main [1ms]
2024-06-26 03:16:22.902 [info] > git status -z -uall [1ms]
2024-06-26 03:16:23.973 [info] > git config --get commit.template [3ms]
2024-06-26 03:16:23.973 [info] > git for-each-ref --format=%(refname)%00%(upstream:short)%00%(objectname)%00%(upstream:track)%00%(upstream:remotename)%00%(upstream:remoteref) refs/heads/main refs/remotes/main [1ms]
2024-06-26 03:16:23.976 [info] > git status -z -uall [0ms]
2024-06-26 03:16:24.070 [info] > git ls-files --stage -- /home/akuma/usr/Codes/Data-Structure-Final-Project/main.cpp [1ms]
2024-06-26 03:16:24.073 [info] > git cat-file -s c0948b2f05c35a90af8579cb4ea0c2935ec2bc47 [1ms]
2024-06-26 03:16:24.077 [info] > git show --textconv :main.cpp [1ms]
2024-06-26 03:19:22.930 [info] > git fetch [4ms]
2024-06-26 03:19:22.930 [info] ssh: Could not resolve hostname github.com: Temporary failure in name resolution
fatal: Could not read from remote repository.

Please make sure you have the correct access rights
and the repository exists.
2024-06-26 03:19:22.935 [info] > git config --get commit.template [2ms]
2024-06-26 03:19:22.936 [info] > git for-each-ref --format=%(refname)%00%(upstream:short)%00%(objectname)%00%(upstream:track)%00%(upstream:remotename)%00%(upstream:remoteref) refs/heads/main refs/remotes/main [1ms]
2024-06-26 03:19:22.939 [info] > git status -z -uall [1ms]
2024-06-26 03:19:24.010 [info] > git config --get commit.template [3ms]
2024-06-26 03:19:24.011 [info] > git for-each-ref --format=%(refname)%00%(upstream:short)%00%(objectname)%00%(upstream:track)%00%(upstream:remotename)%00%(upstream:remoteref) refs/heads/main refs/remotes/main [1ms]
2024-06-26 03:19:24.014 [info] > git status -z -uall [1ms]
2024-06-26 03:19:24.108 [info] > git ls-files --stage -- /home/akuma/usr/Codes/Data-Structure-Final-Project/main.cpp [1ms]
2024-06-26 03:19:24.111 [info] > git cat-file -s c0948b2f05c35a90af8579cb4ea0c2935ec2bc47 [1ms]
2024-06-26 03:19:24.115 [info] > git show --textconv :main.cpp [1ms]
2024-06-26 03:22:22.966 [info] > git fetch [4ms]
2024-06-26 03:22:22.966 [info] ssh: Could not resolve hostname github.com: Temporary failure in name resolution
fatal: Could not read from remote repository.

Please make sure you have the correct access rights
and the repository exists.
2024-06-26 03:22:22.971 [info] > git config --get commit.template [2ms]
2024-06-26 03:22:22.971 [info] > git for-each-ref --format=%(refname)%00%(upstream:short)%00%(objectname)%00%(upstream:track)%00%(upstream:remotename)%00%(upstream:remoteref) refs/heads/main refs/remotes/main [0ms]
2024-06-26 03:22:22.975 [info] > git status -z -uall [1ms]
2024-06-26 03:22:24.045 [info] > git config --get commit.template [1ms]
2024-06-26 03:22:24.048 [info] > git for-each-ref --format=%(refname)%00%(upstream:short)%00%(objectname)%00%(upstream:track)%00%(upstream:remotename)%00%(upstream:remoteref) refs/heads/main refs/remotes/main [1ms]
2024-06-26 03:22:24.051 [info] > git status -z -uall [1ms]
2024-06-26 03:22:24.144 [info] > git ls-files --stage -- /home/akuma/usr/Codes/Data-Structure-Final-Project/main.cpp [0ms]
2024-06-26 03:22:24.147 [info] > git cat-file -s c0948b2f05c35a90af8579cb4ea0c2935ec2bc47 [1ms]
2024-06-26 03:22:24.151 [info] > git show --textconv :main.cpp [1ms]
2024-06-26 03:25:23.003 [info] > git fetch [4ms]
2024-06-26 03:25:23.003 [info] ssh: Could not resolve hostname github.com: Temporary failure in name resolution
fatal: Could not read from remote repository.

Please make sure you have the correct access rights
and the repository exists.
2024-06-26 03:25:23.007 [info] > git config --get commit.template [2ms]
2024-06-26 03:25:23.008 [info] > git for-each-ref --format=%(refname)%00%(upstream:short)%00%(objectname)%00%(upstream:track)%00%(upstream:remotename)%00%(upstream:remoteref) refs/heads/main refs/remotes/main [1ms]
2024-06-26 03:25:23.011 [info] > git status -z -uall [1ms]
2024-06-26 03:25:24.082 [info] > git config --get commit.template [1ms]
2024-06-26 03:25:24.085 [info] > git for-each-ref --format=%(refname)%00%(upstream:short)%00%(objectname)%00%(upstream:track)%00%(upstream:remotename)%00%(upstream:remoteref) refs/heads/main refs/remotes/main [0ms]
2024-06-26 03:25:24.088 [info] > git status -z -uall [1ms]
2024-06-26 03:25:24.181 [info] > git ls-files --stage -- /home/akuma/usr/Codes/Data-Structure-Final-Project/main.cpp [0ms]
2024-06-26 03:25:24.184 [info] > git cat-file -s c0948b2f05c35a90af8579cb4ea0c2935ec2bc47 [1ms]
2024-06-26 03:25:24.188 [info] > git show --textconv :main.cpp [1ms]
2024-06-26 03:28:23.030 [info] > git fetch [4ms]
2024-06-26 03:28:23.030 [info] ssh: Could not resolve hostname github.com: Temporary failure in name resolution
fatal: Could not read from remote repository.

Please make sure you have the correct access rights
and the repository exists.
2024-06-26 03:28:23.035 [info] > git config --get commit.template [2ms]
2024-06-26 03:28:23.036 [info] > git for-each-ref --format=%(refname)%00%(upstream:short)%00%(objectname)%00%(upstream:track)%00%(upstream:remotename)%00%(upstream:remoteref) refs/heads/main refs/remotes/main [1ms]
2024-06-26 03:28:23.039 [info] > git status -z -uall [1ms]
2024-06-26 03:28:24.110 [info] > git config --get commit.template [3ms]
2024-06-26 03:28:24.110 [info] > git for-each-ref --format=%(refname)%00%(upstream:short)%00%(objectname)%00%(upstream:track)%00%(upstream:remotename)%00%(upstream:remoteref) refs/heads/main refs/remotes/main [0ms]
2024-06-26 03:28:24.114 [info] > git status -z -uall [0ms]
2024-06-26 03:28:24.207 [info] > git ls-files --stage -- /home/akuma/usr/Codes/Data-Structure-Final-Project/main.cpp [0ms]
2024-06-26 03:28:24.210 [info] > git cat-file -s c0948b2f05c35a90af8579cb4ea0c2935ec2bc47 [1ms]
2024-06-26 03:28:24.214 [info] > git show --textconv :main.cpp [1ms]
2024-06-26 03:31:23.058 [info] > git fetch [4ms]
2024-06-26 03:31:23.058 [info] ssh: Could not resolve hostname github.com: Temporary failure in name resolution
fatal: Could not read from remote repository.

Please make sure you have the correct access rights
and the repository exists.
2024-06-26 03:31:23.064 [info] > git config --get commit.template [3ms]
2024-06-26 03:31:23.064 [info] > git for-each-ref --format=%(refname)%00%(upstream:short)%00%(objectname)%00%(upstream:track)%00%(upstream:remotename)%00%(upstream:remoteref) refs/heads/main refs/remotes/main [1ms]
2024-06-26 03:31:23.067 [info] > git status -z -uall [0ms]
2024-06-26 03:31:24.138 [info] > git config --get commit.template [2ms]
2024-06-26 03:31:24.138 [info] > git for-each-ref --format=%(refname)%00%(upstream:short)%00%(objectname)%00%(upstream:track)%00%(upstream:remotename)%00%(upstream:remoteref) refs/heads/main refs/remotes/main [0ms]
2024-06-26 03:31:24.141 [info] > git status -z -uall [0ms]
2024-06-26 03:31:24.236 [info] > git ls-files --stage -- /home/akuma/usr/Codes/Data-Structure-Final-Project/main.cpp [1ms]
2024-06-26 03:31:24.239 [info] > git cat-file -s c0948b2f05c35a90af8579cb4ea0c2935ec2bc47 [1ms]
2024-06-26 03:31:24.243 [info] > git show --textconv :main.cpp [0ms]
2024-06-26 03:34:09.307 [info] > git config --get commit.template [3ms]
2024-06-26 03:34:09.307 [info] > git for-each-ref --format=%(refname)%00%(upstream:short)%00%(objectname)%00%(upstream:track)%00%(upstream:remotename)%00%(upstream:remoteref) refs/heads/main refs/remotes/main [1ms]
2024-06-26 03:34:09.311 [info] > git status -z -uall [1ms]
2024-06-26 03:34:19.857 [info] > git config --get commit.template [3ms]
2024-06-26 03:34:19.857 [info] > git for-each-ref --format=%(refname)%00%(upstream:short)%00%(objectname)%00%(upstream:track)%00%(upstream:remotename)%00%(upstream:remoteref) refs/heads/main refs/remotes/main [1ms]
2024-06-26 03:34:19.860 [info] > git status -z -uall [0ms]
2024-06-26 03:34:23.081 [info] > git fetch [6ms]
2024-06-26 03:34:23.081 [info] ssh: Could not resolve hostname github.com: Temporary failure in name resolution
fatal: Could not read from remote repository.

Please make sure you have the correct access rights
and the repository exists.
2024-06-26 03:34:23.088 [info] > git config --get commit.template [3ms]
2024-06-26 03:34:23.088 [info] > git for-each-ref --format=%(refname)%00%(upstream:short)%00%(objectname)%00%(upstream:track)%00%(upstream:remotename)%00%(upstream:remoteref) refs/heads/main refs/remotes/main [1ms]
2024-06-26 03:34:23.092 [info] > git status -z -uall [1ms]
2024-06-26 03:34:24.258 [info] > git ls-files --stage -- /home/akuma/usr/Codes/Data-Structure-Final-Project/main.cpp [1ms]
2024-06-26 03:34:24.262 [info] > git cat-file -s c0948b2f05c35a90af8579cb4ea0c2935ec2bc47 [1ms]
2024-06-26 03:34:24.271 [info] > git show --textconv :main.cpp [1ms]
2024-06-26 03:34:26.124 [info] > git config --get commit.template [3ms]
2024-06-26 03:34:26.125 [info] > git for-each-ref --format=%(refname)%00%(upstream:short)%00%(objectname)%00%(upstream:track)%00%(upstream:remotename)%00%(upstream:remoteref) refs/heads/main refs/remotes/main [1ms]
2024-06-26 03:34:26.130 [info] > git status -z -uall [2ms]
2024-06-26 03:34:35.317 [info] > git config --get commit.template [2ms]
2024-06-26 03:34:35.317 [info] > git for-each-ref --format=%(refname)%00%(upstream:short)%00%(objectname)%00%(upstream:track)%00%(upstream:remotename)%00%(upstream:remoteref) refs/heads/main refs/remotes/main [1ms]
2024-06-26 03:34:35.320 [info] > git status -z -uall [1ms]
2024-06-26 03:34:52.952 [info] > git config --get commit.template [2ms]
2024-06-26 03:34:52.952 [info] > git for-each-ref --format=%(refname)%00%(upstream:short)%00%(objectname)%00%(upstream:track)%00%(upstream:remotename)%00%(upstream:remoteref) refs/heads/main refs/remotes/main [1ms]
2024-06-26 03:34:52.955 [info] > git status -z -uall [0ms]
2024-06-26 03:35:01.042 [info] > git config --get commit.template [3ms]
2024-06-26 03:35:01.042 [info] > git for-each-ref --format=%(refname)%00%(upstream:short)%00%(objectname)%00%(upstream:track)%00%(upstream:remotename)%00%(upstream:remoteref) refs/heads/main refs/remotes/main [1ms]
2024-06-26 03:35:01.046 [info] > git status -z -uall [1ms]
2024-06-26 03:36:13.208 [info] > git config --get commit.template [3ms]
2024-06-26 03:36:13.208 [info] > git for-each-ref --format=%(refname)%00%(upstream:short)%00%(objectname)%00%(upstream:track)%00%(upstream:remotename)%00%(upstream:remoteref) refs/heads/main refs/remotes/main [0ms]
2024-06-26 03:36:13.212 [info] > git status -z -uall [1ms]
2024-06-26 03:36:19.563 [info] > git config --get commit.template [3ms]
2024-06-26 03:36:19.563 [info] > git for-each-ref --format=%(refname)%00%(upstream:short)%00%(objectname)%00%(upstream:track)%00%(upstream:remotename)%00%(upstream:remoteref) refs/heads/main refs/remotes/main [0ms]
2024-06-26 03:36:19.567 [info] > git status -z -uall [1ms]
2024-06-26 03:36:25.700 [info] > git config --get commit.template [3ms]
2024-06-26 03:36:25.700 [info] > git for-each-ref --format=%(refname)%00%(upstream:short)%00%(objectname)%00%(upstream:track)%00%(upstream:remotename)%00%(upstream:remoteref) refs/heads/main refs/remotes/main [1ms]
2024-06-26 03:36:25.703 [info] > git status -z -uall [0ms]
2024-06-26 03:36:30.711 [info] > git config --get commit.template [2ms]
2024-06-26 03:36:30.712 [info] > git for-each-ref --format=%(refname)%00%(upstream:short)%00%(objectname)%00%(upstream:track)%00%(upstream:remotename)%00%(upstream:remoteref) refs/heads/main refs/remotes/main [1ms]
2024-06-26 03:36:30.716 [info] > git status -z -uall [1ms]
2024-06-26 03:36:35.723 [info] > git config --get commit.template [2ms]
2024-06-26 03:36:35.723 [info] > git for-each-ref --format=%(refname)%00%(upstream:short)%00%(objectname)%00%(upstream:track)%00%(upstream:remotename)%00%(upstream:remoteref) refs/heads/main refs/remotes/main [0ms]
2024-06-26 03:36:35.727 [info] > git status -z -uall [1ms]
2024-06-26 03:40:19.863 [info] > git config --get commit.template [5ms]
2024-06-26 03:40:19.863 [info] > git ls-files --stage -- /home/akuma/usr/Codes/Data-Structure-Final-Project/main.cpp [1ms]
2024-06-26 03:40:19.868 [info] > git cat-file -s c72e714c8f902986f48acc6ba1cdbc511d45cad4 [2ms]
2024-06-26 03:40:19.869 [info] > git for-each-ref --format=%(refname)%00%(upstream:short)%00%(objectname)%00%(upstream:track)%00%(upstream:remotename)%00%(upstream:remoteref) refs/heads/main refs/remotes/main [1ms]
2024-06-26 03:40:19.876 [info] > git show --textconv :main.cpp [4ms]
2024-06-26 03:40:19.877 [info] > git status -z -uall [2ms]
2024-06-26 03:40:19.883 [info] > git merge-base refs/heads/main refs/remotes/origin/main [2ms]
2024-06-26 03:40:19.887 [info] > git rev-list --count --left-right refs/heads/main...refs/remotes/origin/main [1ms]
2024-06-26 03:40:19.891 [info] > git diff --name-status -z --diff-filter=ADMR a5ff4c736e146b8590d977a88e313863f1c3899b...refs/remotes/origin/main [1ms]
2024-06-26 03:40:21.037 [info] > git ls-files --stage -- /home/akuma/usr/Codes/Data-Structure-Final-Project/main.cpp [1ms]
2024-06-26 03:40:21.041 [info] > git cat-file -s c72e714c8f902986f48acc6ba1cdbc511d45cad4 [0ms]
2024-06-26 03:40:21.045 [info] > git show --textconv :main.cpp [1ms]
2024-06-26 03:40:21.305 [info] > git fetch [1450ms]
2024-06-26 03:40:21.305 [info] Missing or invalid credentials.
Skip silent fetch commands
git@github.com: Permission denied (publickey).
fatal: Could not read from remote repository.

Please make sure you have the correct access rights
and the repository exists.
2024-06-26 03:40:21.310 [info] > git config --get commit.template [2ms]
2024-06-26 03:40:21.311 [info] > git for-each-ref --format=%(refname)%00%(upstream:short)%00%(objectname)%00%(upstream:track)%00%(upstream:remotename)%00%(upstream:remoteref) refs/heads/main refs/remotes/main [1ms]
2024-06-26 03:40:21.314 [info] > git status -z -uall [1ms]
2024-06-26 03:40:24.892 [info] > git config --get commit.template [2ms]
2024-06-26 03:40:24.893 [info] > git for-each-ref --format=%(refname)%00%(upstream:short)%00%(objectname)%00%(upstream:track)%00%(upstream:remotename)%00%(upstream:remoteref) refs/heads/main refs/remotes/main [1ms]
2024-06-26 03:40:24.896 [info] > git status -z -uall [1ms]
2024-06-26 03:43:22.501 [info] > git ls-files --stage -- /home/akuma/usr/Codes/Data-Structure-Final-Project/main.cpp [1ms]
2024-06-26 03:43:22.503 [info] > git cat-file -s c72e714c8f902986f48acc6ba1cdbc511d45cad4 [0ms]
2024-06-26 03:43:22.507 [info] > git show --textconv :main.cpp [1ms]
2024-06-26 03:43:22.826 [info] > git fetch [1508ms]
2024-06-26 03:43:22.826 [info] Missing or invalid credentials.
Skip silent fetch commands
git@github.com: Permission denied (publickey).
fatal: Could not read from remote repository.

Please make sure you have the correct access rights
and the repository exists.
2024-06-26 03:43:22.831 [info] > git config --get commit.template [2ms]
2024-06-26 03:43:22.832 [info] > git for-each-ref --format=%(refname)%00%(upstream:short)%00%(objectname)%00%(upstream:track)%00%(upstream:remotename)%00%(upstream:remoteref) refs/heads/main refs/remotes/main [1ms]
2024-06-26 03:43:22.836 [info] > git status -z -uall [1ms]
2024-06-26 03:46:24.055 [info] > git ls-files --stage -- /home/akuma/usr/Codes/Data-Structure-Final-Project/main.cpp [0ms]
2024-06-26 03:46:24.058 [info] > git cat-file -s c72e714c8f902986f48acc6ba1cdbc511d45cad4 [0ms]
2024-06-26 03:46:24.062 [info] > git show --textconv :main.cpp [1ms]
2024-06-26 03:46:24.259 [info] > git fetch [1417ms]
2024-06-26 03:46:24.259 [info] Missing or invalid credentials.
Skip silent fetch commands
git@github.com: Permission denied (publickey).
fatal: Could not read from remote repository.

Please make sure you have the correct access rights
and the repository exists.
2024-06-26 03:46:24.265 [info] > git config --get commit.template [3ms]
2024-06-26 03:46:24.265 [info] > git for-each-ref --format=%(refname)%00%(upstream:short)%00%(objectname)%00%(upstream:track)%00%(upstream:remotename)%00%(upstream:remoteref) refs/heads/main refs/remotes/main [0ms]
2024-06-26 03:46:24.269 [info] > git status -z -uall [1ms]
2024-06-26 03:48:21.326 [info] > git config --get commit.template [3ms]
2024-06-26 03:48:21.326 [info] > git for-each-ref --format=%(refname)%00%(upstream:short)%00%(objectname)%00%(upstream:track)%00%(upstream:remotename)%00%(upstream:remoteref) refs/heads/main refs/remotes/main [0ms]
2024-06-26 03:48:21.330 [info] > git status -z -uall [1ms]
2024-06-26 03:48:26.340 [info] > git config --get commit.template [2ms]
2024-06-26 03:48:26.341 [info] > git for-each-ref --format=%(refname)%00%(upstream:short)%00%(objectname)%00%(upstream:track)%00%(upstream:remotename)%00%(upstream:remoteref) refs/heads/main refs/remotes/main [1ms]
2024-06-26 03:48:26.344 [info] > git status -z -uall [1ms]
2024-06-26 03:49:25.488 [info] > git ls-files --stage -- /home/akuma/usr/Codes/Data-Structure-Final-Project/main.cpp [1ms]
2024-06-26 03:49:25.491 [info] > git cat-file -s c72e714c8f902986f48acc6ba1cdbc511d45cad4 [1ms]
2024-06-26 03:49:25.495 [info] > git show --textconv :main.cpp [1ms]
2024-06-26 03:49:25.680 [info] > git fetch [1406ms]
2024-06-26 03:49:25.680 [info] Missing or invalid credentials.
Skip silent fetch commands
git@github.com: Permission denied (publickey).
fatal: Could not read from remote repository.

Please make sure you have the correct access rights
and the repository exists.
2024-06-26 03:49:25.684 [info] > git config --get commit.template [1ms]
2024-06-26 03:49:25.687 [info] > git for-each-ref --format=%(refname)%00%(upstream:short)%00%(objectname)%00%(upstream:track)%00%(upstream:remotename)%00%(upstream:remoteref) refs/heads/main refs/remotes/main [1ms]
2024-06-26 03:49:25.690 [info] > git status -z -uall [1ms]
2024-06-26 03:49:59.671 [info] > git config --get commit.template [3ms]
2024-06-26 03:49:59.671 [info] > git for-each-ref --format=%(refname)%00%(upstream:short)%00%(objectname)%00%(upstream:track)%00%(upstream:remotename)%00%(upstream:remoteref) refs/heads/main refs/remotes/main [1ms]
2024-06-26 03:49:59.675 [info] > git status -z -uall [1ms]
2024-06-26 03:50:42.210 [info] > git config --get commit.template [1ms]
2024-06-26 03:50:42.213 [info] > git for-each-ref --format=%(refname)%00%(upstream:short)%00%(objectname)%00%(upstream:track)%00%(upstream:remotename)%00%(upstream:remoteref) refs/heads/main refs/remotes/main [1ms]
2024-06-26 03:50:42.216 [info] > git status -z -uall [1ms]
2024-06-26 03:50:59.804 [info] > git config --get commit.template [3ms]
2024-06-26 03:50:59.805 [info] > git for-each-ref --format=%(refname)%00%(upstream:short)%00%(objectname)%00%(upstream:track)%00%(upstream:remotename)%00%(upstream:remoteref) refs/heads/main refs/remotes/main [1ms]
2024-06-26 03:50:59.809 [info] > git status -z -uall [1ms]
2024-06-26 03:52:26.889 [info] > git ls-files --stage -- /home/akuma/usr/Codes/Data-Structure-Final-Project/main.cpp [1ms]
2024-06-26 03:52:26.891 [info] > git cat-file -s c72e714c8f902986f48acc6ba1cdbc511d45cad4 [0ms]
2024-06-26 03:52:26.895 [info] > git show --textconv :main.cpp [1ms]
2024-06-26 03:52:27.113 [info] > git fetch [1407ms]
2024-06-26 03:52:27.113 [info] Missing or invalid credentials.
Skip silent fetch commands
git@github.com: Permission denied (publickey).
fatal: Could not read from remote repository.

Please make sure you have the correct access rights
and the repository exists.
2024-06-26 03:52:27.119 [info] > git config --get commit.template [3ms]
2024-06-26 03:52:27.119 [info] > git for-each-ref --format=%(refname)%00%(upstream:short)%00%(objectname)%00%(upstream:track)%00%(upstream:remotename)%00%(upstream:remoteref) refs/heads/main refs/remotes/main [0ms]
2024-06-26 03:52:27.123 [info] > git status -z -uall [1ms]
2024-06-26 03:55:28.357 [info] > git ls-files --stage -- /home/akuma/usr/Codes/Data-Structure-Final-Project/main.cpp [0ms]
2024-06-26 03:55:28.361 [info] > git cat-file -s c72e714c8f902986f48acc6ba1cdbc511d45cad4 [1ms]
2024-06-26 03:55:28.365 [info] > git show --textconv :main.cpp [1ms]
2024-06-26 03:55:28.597 [info] > git fetch [1455ms]
2024-06-26 03:55:28.597 [info] Missing or invalid credentials.
Skip silent fetch commands
git@github.com: Permission denied (publickey).
fatal: Could not read from remote repository.

Please make sure you have the correct access rights
and the repository exists.
2024-06-26 03:55:28.600 [info] > git config --get commit.template [0ms]
2024-06-26 03:55:28.603 [info] > git for-each-ref --format=%(refname)%00%(upstream:short)%00%(objectname)%00%(upstream:track)%00%(upstream:remotename)%00%(upstream:remoteref) refs/heads/main refs/remotes/main [0ms]
2024-06-26 03:55:28.607 [info] > git status -z -uall [1ms]
2024-06-26 03:57:31.578 [info] > git config --get commit.template [3ms]
2024-06-26 03:57:31.578 [info] > git for-each-ref --format=%(refname)%00%(upstream:short)%00%(objectname)%00%(upstream:track)%00%(upstream:remotename)%00%(upstream:remoteref) refs/heads/main refs/remotes/main [0ms]
2024-06-26 03:57:31.583 [info] > git status -z -uall [2ms]
2024-06-26 03:58:01.832 [info] > git config --get commit.template [3ms]
2024-06-26 03:58:01.833 [info] > git for-each-ref --format=%(refname)%00%(upstream:short)%00%(objectname)%00%(upstream:track)%00%(upstream:remotename)%00%(upstream:remoteref) refs/heads/main refs/remotes/main [1ms]
2024-06-26 03:58:01.837 [info] > git status -z -uall [1ms]
2024-06-26 03:58:29.819 [info] > git ls-files --stage -- /home/akuma/usr/Codes/Data-Structure-Final-Project/main.cpp [0ms]
2024-06-26 03:58:29.823 [info] > git cat-file -s c72e714c8f902986f48acc6ba1cdbc511d45cad4 [1ms]
2024-06-26 03:58:29.828 [info] > git show --textconv :main.cpp [1ms]
2024-06-26 03:58:30.107 [info] > git fetch [1475ms]
2024-06-26 03:58:30.107 [info] Missing or invalid credentials.
Skip silent fetch commands
git@github.com: Permission denied (publickey).
fatal: Could not read from remote repository.

Please make sure you have the correct access rights
and the repository exists.
2024-06-26 03:58:30.115 [info] > git config --get commit.template [4ms]
2024-06-26 03:58:30.116 [info] > git for-each-ref --format=%(refname)%00%(upstream:short)%00%(objectname)%00%(upstream:track)%00%(upstream:remotename)%00%(upstream:remoteref) refs/heads/main refs/remotes/main [1ms]
2024-06-26 03:58:30.120 [info] > git status -z -uall [1ms]
2024-06-26 03:59:01.011 [info] > git config --get commit.template [2ms]
2024-06-26 03:59:01.012 [info] > git for-each-ref --format=%(refname)%00%(upstream:short)%00%(objectname)%00%(upstream:track)%00%(upstream:remotename)%00%(upstream:remoteref) refs/heads/main refs/remotes/main [1ms]
2024-06-26 03:59:01.016 [info] > git status -z -uall [1ms]
2024-06-26 03:59:53.858 [info] > git config --get commit.template [3ms]
2024-06-26 03:59:53.859 [info] > git for-each-ref --format=%(refname)%00%(upstream:short)%00%(objectname)%00%(upstream:track)%00%(upstream:remotename)%00%(upstream:remoteref) refs/heads/main refs/remotes/main [1ms]
2024-06-26 03:59:53.864 [info] > git status -z -uall [1ms]
2024-06-26 04:11:08.534 [info] > git config --get commit.template [4ms]
2024-06-26 04:11:08.535 [info] > git ls-files --stage -- /home/akuma/usr/Codes/Data-Structure-Final-Project/main.cpp [1ms]
2024-06-26 04:11:08.540 [info] > git cat-file -s 3921198b5aa025bc1890f163fb6e10320003ab40 [3ms]
2024-06-26 04:11:08.541 [info] > git for-each-ref --format=%(refname)%00%(upstream:short)%00%(objectname)%00%(upstream:track)%00%(upstream:remotename)%00%(upstream:remoteref) refs/heads/main refs/remotes/main [1ms]
2024-06-26 04:11:08.548 [info] > git status -z -uall [4ms]
2024-06-26 04:11:08.554 [info] > git show --textconv :main.cpp [6ms]
2024-06-26 04:11:08.554 [info] > git merge-base refs/heads/main refs/remotes/origin/main [3ms]
2024-06-26 04:11:08.559 [info] > git rev-list --count --left-right refs/heads/main...refs/remotes/origin/main [1ms]
2024-06-26 04:11:08.564 [info] > git diff --name-status -z --diff-filter=ADMR db1a9de2781b32bcb8b71695a0bce495289a443e...refs/remotes/origin/main [1ms]
2024-06-26 04:11:09.710 [info] > git ls-files --stage -- /home/akuma/usr/Codes/Data-Structure-Final-Project/main.cpp [1ms]
2024-06-26 04:11:09.713 [info] > git cat-file -s 3921198b5aa025bc1890f163fb6e10320003ab40 [1ms]
2024-06-26 04:11:09.717 [info] > git show --textconv :main.cpp [1ms]
2024-06-26 04:11:09.979 [info] > git fetch [1451ms]
2024-06-26 04:11:09.979 [info] Missing or invalid credentials.
Skip silent fetch commands
git@github.com: Permission denied (publickey).
fatal: Could not read from remote repository.

Please make sure you have the correct access rights
and the repository exists.
2024-06-26 04:11:09.984 [info] > git config --get commit.template [2ms]
2024-06-26 04:11:09.985 [info] > git for-each-ref --format=%(refname)%00%(upstream:short)%00%(objectname)%00%(upstream:track)%00%(upstream:remotename)%00%(upstream:remoteref) refs/heads/main refs/remotes/main [1ms]
2024-06-26 04:11:09.988 [info] > git status -z -uall [1ms]
2024-06-26 04:11:13.564 [info] > git config --get commit.template [4ms]
2024-06-26 04:11:13.564 [info] > git for-each-ref --format=%(refname)%00%(upstream:short)%00%(objectname)%00%(upstream:track)%00%(upstream:remotename)%00%(upstream:remoteref) refs/heads/main refs/remotes/main [0ms]
2024-06-26 04:11:13.569 [info] > git status -z -uall [1ms]
2024-06-26 04:11:22.761 [info] > git config --get commit.template [3ms]
2024-06-26 04:11:22.762 [info] > git for-each-ref --format=%(refname)%00%(upstream:short)%00%(objectname)%00%(upstream:track)%00%(upstream:remotename)%00%(upstream:remoteref) refs/heads/main refs/remotes/main [1ms]
2024-06-26 04:11:22.765 [info] > git status -z -uall [1ms]
2024-06-26 04:13:15.454 [info] > git config --get commit.template [3ms]
2024-06-26 04:13:15.454 [info] > git for-each-ref --format=%(refname)%00%(upstream:short)%00%(objectname)%00%(upstream:track)%00%(upstream:remotename)%00%(upstream:remoteref) refs/heads/main refs/remotes/main [1ms]
2024-06-26 04:13:15.458 [info] > git status -z -uall [2ms]
2024-06-26 04:13:31.752 [info] > git config --get commit.template [4ms]
2024-06-26 04:13:31.752 [info] > git for-each-ref --format=%(refname)%00%(upstream:short)%00%(objectname)%00%(upstream:track)%00%(upstream:remotename)%00%(upstream:remoteref) refs/heads/main refs/remotes/main [0ms]
2024-06-26 04:13:31.758 [info] > git status -z -uall [1ms]
2024-06-26 04:14:11.174 [info] > git ls-files --stage -- /home/akuma/usr/Codes/Data-Structure-Final-Project/main.cpp [1ms]
2024-06-26 04:14:11.176 [info] > git cat-file -s 3921198b5aa025bc1890f163fb6e10320003ab40 [0ms]
2024-06-26 04:14:11.180 [info] > git show --textconv :main.cpp [0ms]
2024-06-26 04:14:11.436 [info] > git fetch [1444ms]
2024-06-26 04:14:11.436 [info] Missing or invalid credentials.
Skip silent fetch commands
git@github.com: Permission denied (publickey).
fatal: Could not read from remote repository.

Please make sure you have the correct access rights
and the repository exists.
2024-06-26 04:14:11.442 [info] > git config --get commit.template [3ms]
2024-06-26 04:14:11.442 [info] > git for-each-ref --format=%(refname)%00%(upstream:short)%00%(objectname)%00%(upstream:track)%00%(upstream:remotename)%00%(upstream:remoteref) refs/heads/main refs/remotes/main [0ms]
2024-06-26 04:14:11.446 [info] > git status -z -uall [1ms]
2024-06-26 04:14:14.205 [info] > git config --get commit.template [4ms]
2024-06-26 04:14:14.206 [info] > git for-each-ref --format=%(refname)%00%(upstream:short)%00%(objectname)%00%(upstream:track)%00%(upstream:remotename)%00%(upstream:remoteref) refs/heads/main refs/remotes/main [1ms]
2024-06-26 04:14:14.211 [info] > git status -z -uall [1ms]
2024-06-26 04:14:56.648 [info] > git config --get commit.template [1ms]
2024-06-26 04:14:56.651 [info] > git for-each-ref --format=%(refname)%00%(upstream:short)%00%(objectname)%00%(upstream:track)%00%(upstream:remotename)%00%(upstream:remoteref) refs/heads/main refs/remotes/main [1ms]
2024-06-26 04:14:56.655 [info] > git status -z -uall [1ms]
2024-06-26 04:17:12.641 [info] > git ls-files --stage -- /home/akuma/usr/Codes/Data-Structure-Final-Project/main.cpp [1ms]
2024-06-26 04:17:12.645 [info] > git cat-file -s 3921198b5aa025bc1890f163fb6e10320003ab40 [1ms]
2024-06-26 04:17:12.650 [info] > git show --textconv :main.cpp [1ms]
2024-06-26 04:17:12.974 [info] > git fetch [1523ms]
2024-06-26 04:17:12.974 [info] Missing or invalid credentials.
Skip silent fetch commands
git@github.com: Permission denied (publickey).
fatal: Could not read from remote repository.

Please make sure you have the correct access rights
and the repository exists.
2024-06-26 04:17:12.980 [info] > git config --get commit.template [3ms]
2024-06-26 04:17:12.980 [info] > git for-each-ref --format=%(refname)%00%(upstream:short)%00%(objectname)%00%(upstream:track)%00%(upstream:remotename)%00%(upstream:remoteref) refs/heads/main refs/remotes/main [1ms]
2024-06-26 04:17:12.984 [info] > git status -z -uall [1ms]
2024-06-26 04:17:31.141 [info] > git config --get commit.template [2ms]
2024-06-26 04:17:31.142 [info] > git for-each-ref --format=%(refname)%00%(upstream:short)%00%(objectname)%00%(upstream:track)%00%(upstream:remotename)%00%(upstream:remoteref) refs/heads/main refs/remotes/main [1ms]
2024-06-26 04:17:31.146 [info] > git status -z -uall [2ms]
2024-06-26 04:20:10.565 [info] > git config --get commit.template [4ms]
2024-06-26 04:20:10.565 [info] > git for-each-ref --format=%(refname)%00%(upstream:short)%00%(objectname)%00%(upstream:track)%00%(upstream:remotename)%00%(upstream:remoteref) refs/heads/main refs/remotes/main [1ms]
2024-06-26 04:20:10.570 [info] > git status -z -uall [2ms]
2024-06-26 04:20:14.171 [info] > git ls-files --stage -- /home/akuma/usr/Codes/Data-Structure-Final-Project/main.cpp [1ms]
2024-06-26 04:20:14.174 [info] > git cat-file -s 3921198b5aa025bc1890f163fb6e10320003ab40 [1ms]
2024-06-26 04:20:14.177 [info] > git show --textconv :main.cpp [0ms]
2024-06-26 04:20:14.427 [info] > git fetch [1439ms]
2024-06-26 04:20:14.427 [info] Missing or invalid credentials.
Skip silent fetch commands
git@github.com: Permission denied (publickey).
fatal: Could not read from remote repository.

Please make sure you have the correct access rights
and the repository exists.
2024-06-26 04:20:14.435 [info] > git config --get commit.template [4ms]
2024-06-26 04:20:14.435 [info] > git for-each-ref --format=%(refname)%00%(upstream:short)%00%(objectname)%00%(upstream:track)%00%(upstream:remotename)%00%(upstream:remoteref) refs/heads/main refs/remotes/main [0ms]
2024-06-26 04:20:14.441 [info] > git status -z -uall [2ms]
2024-06-26 04:20:23.953 [info] > git config --get commit.template [4ms]
2024-06-26 04:20:23.953 [info] > git for-each-ref --format=%(refname)%00%(upstream:short)%00%(objectname)%00%(upstream:track)%00%(upstream:remotename)%00%(upstream:remoteref) refs/heads/main refs/remotes/main [1ms]
2024-06-26 04:20:23.958 [info] > git status -z -uall [1ms]
2024-06-26 04:20:58.089 [info] > git config --get commit.template [4ms]
2024-06-26 04:20:58.090 [info] > git for-each-ref --format=%(refname)%00%(upstream:short)%00%(objectname)%00%(upstream:track)%00%(upstream:remotename)%00%(upstream:remoteref) refs/heads/main refs/remotes/main [1ms]
2024-06-26 04:20:58.094 [info] > git status -z -uall [1ms]
2024-06-26 04:21:30.483 [info] > git config --get commit.template [0ms]
2024-06-26 04:21:30.486 [info] > git for-each-ref --format=%(refname)%00%(upstream:short)%00%(objectname)%00%(upstream:track)%00%(upstream:remotename)%00%(upstream:remoteref) refs/heads/main refs/remotes/main [0ms]
2024-06-26 04:21:30.490 [info] > git status -z -uall [1ms]
2024-06-26 04:22:25.847 [info] > git config --get commit.template [2ms]
2024-06-26 04:22:25.847 [info] > git for-each-ref --format=%(refname)%00%(upstream:short)%00%(objectname)%00%(upstream:track)%00%(upstream:remotename)%00%(upstream:remoteref) refs/heads/main refs/remotes/main [1ms]
2024-06-26 04:22:25.851 [info] > git status -z -uall [1ms]
2024-06-26 04:23:15.637 [info] > git ls-files --stage -- /home/akuma/usr/Codes/Data-Structure-Final-Project/main.cpp [1ms]
2024-06-26 04:23:15.639 [info] > git cat-file -s 3921198b5aa025bc1890f163fb6e10320003ab40 [0ms]
2024-06-26 04:23:15.643 [info] > git show --textconv :main.cpp [0ms]
2024-06-26 04:23:15.999 [info] > git fetch [1543ms]
2024-06-26 04:23:15.999 [info] Missing or invalid credentials.
Skip silent fetch commands
git@github.com: Permission denied (publickey).
fatal: Could not read from remote repository.

Please make sure you have the correct access rights
and the repository exists.
2024-06-26 04:23:16.004 [info] > git config --get commit.template [3ms]
2024-06-26 04:23:16.004 [info] > git for-each-ref --format=%(refname)%00%(upstream:short)%00%(objectname)%00%(upstream:track)%00%(upstream:remotename)%00%(upstream:remoteref) refs/heads/main refs/remotes/main [0ms]
2024-06-26 04:23:16.008 [info] > git status -z -uall [1ms]
2024-06-26 04:27:41.571 [info] > git ls-files --stage -- /home/akuma/usr/Codes/Data-Structure-Final-Project/main.cpp [1ms]
2024-06-26 04:27:41.574 [info] > git cat-file -s 3921198b5aa025bc1890f163fb6e10320003ab40 [1ms]
2024-06-26 04:27:41.577 [info] > git show --textconv :main.cpp [1ms]
2024-06-26 04:27:41.877 [info] > git fetch [1489ms]
2024-06-26 04:27:41.877 [info] Missing or invalid credentials.
Skip silent fetch commands
git@github.com: Permission denied (publickey).
fatal: Could not read from remote repository.

Please make sure you have the correct access rights
and the repository exists.
2024-06-26 04:27:41.883 [info] > git config --get commit.template [3ms]
2024-06-26 04:27:41.883 [info] > git for-each-ref --format=%(refname)%00%(upstream:short)%00%(objectname)%00%(upstream:track)%00%(upstream:remotename)%00%(upstream:remoteref) refs/heads/main refs/remotes/main [1ms]
2024-06-26 04:27:41.887 [info] > git status -z -uall [2ms]
2024-06-26 04:27:51.928 [info] > git config --get commit.template [4ms]
2024-06-26 04:27:51.929 [info] > git for-each-ref --format=%(refname)%00%(upstream:short)%00%(objectname)%00%(upstream:track)%00%(upstream:remotename)%00%(upstream:remoteref) refs/heads/main refs/remotes/main [2ms]
2024-06-26 04:27:51.934 [info] > git status -z -uall [2ms]
2024-06-26 04:29:50.759 [info] > git config --get commit.template [6ms]
2024-06-26 04:29:50.762 [info] > git ls-files --stage -- /home/akuma/usr/Codes/Data-Structure-Final-Project/main.cpp [4ms]
2024-06-26 04:29:50.765 [info] > git for-each-ref --format=%(refname)%00%(upstream:short)%00%(objectname)%00%(upstream:track)%00%(upstream:remotename)%00%(upstream:remoteref) refs/heads/main refs/remotes/main [3ms]
2024-06-26 04:29:50.766 [info] > git cat-file -s 67723255316a02bb84c4d6fe757fa0128f70ecfa [1ms]
2024-06-26 04:29:50.773 [info] > git status -z -uall [4ms]
2024-06-26 04:29:50.779 [info] > git show --textconv :main.cpp [6ms]
2024-06-26 04:29:50.779 [info] > git merge-base refs/heads/main refs/remotes/origin/main [2ms]
2024-06-26 04:29:50.783 [info] > git rev-list --count --left-right refs/heads/main...refs/remotes/origin/main [1ms]
2024-06-26 04:29:50.788 [info] > git diff --name-status -z --diff-filter=ADMR da15a972129ab28621cdd8bb3e2229d9822bf595...refs/remotes/origin/main [1ms]
2024-06-26 04:29:59.273 [info] > git config --get commit.template [5ms]
2024-06-26 04:29:59.273 [info] > git for-each-ref --format=%(refname)%00%(upstream:short)%00%(objectname)%00%(upstream:track)%00%(upstream:remotename)%00%(upstream:remoteref) refs/heads/main refs/remotes/main [1ms]
2024-06-26 04:29:59.278 [info] > git status -z -uall [1ms]
2024-06-26 04:33:18.816 [info] > git ls-files --stage -- /home/akuma/usr/Codes/Data-Structure-Final-Project/main.cpp [1ms]
2024-06-26 04:33:18.818 [info] > git cat-file -s 67723255316a02bb84c4d6fe757fa0128f70ecfa [0ms]
2024-06-26 04:33:18.822 [info] > git show --textconv :main.cpp [1ms]
2024-06-26 04:33:19.275 [info] > git fetch [1642ms]
2024-06-26 04:33:19.275 [info] Missing or invalid credentials.
Skip silent fetch commands
git@github.com: Permission denied (publickey).
fatal: Could not read from remote repository.

Please make sure you have the correct access rights
and the repository exists.
2024-06-26 04:33:19.280 [info] > git config --get commit.template [3ms]
2024-06-26 04:33:19.281 [info] > git for-each-ref --format=%(refname)%00%(upstream:short)%00%(objectname)%00%(upstream:track)%00%(upstream:remotename)%00%(upstream:remoteref) refs/heads/main refs/remotes/main [0ms]
2024-06-26 04:33:19.284 [info] > git status -z -uall [1ms]
2024-06-26 04:46:44.649 [info] > git ls-files --stage -- /home/akuma/usr/Codes/Data-Structure-Final-Project/main.cpp [0ms]
2024-06-26 04:46:44.652 [info] > git cat-file -s 67723255316a02bb84c4d6fe757fa0128f70ecfa [1ms]
2024-06-26 04:46:44.656 [info] > git show --textconv :main.cpp [1ms]
2024-06-26 04:46:45.373 [info] > git fetch [1907ms]
2024-06-26 04:46:45.373 [info] Missing or invalid credentials.
Skip silent fetch commands
git@github.com: Permission denied (publickey).
fatal: Could not read from remote repository.

Please make sure you have the correct access rights
and the repository exists.
2024-06-26 04:46:45.379 [info] > git config --get commit.template [2ms]
2024-06-26 04:46:45.379 [info] > git for-each-ref --format=%(refname)%00%(upstream:short)%00%(objectname)%00%(upstream:track)%00%(upstream:remotename)%00%(upstream:remoteref) refs/heads/main refs/remotes/main [1ms]
2024-06-26 04:46:45.382 [info] > git status -z -uall [1ms]
2024-06-26 04:58:23.410 [info] > git fetch [1495ms]
2024-06-26 04:58:23.410 [info] Missing or invalid credentials.
Skip silent fetch commands
git@github.com: Permission denied (publickey).
fatal: Could not read from remote repository.

Please make sure you have the correct access rights
and the repository exists.
2024-06-26 04:58:23.416 [info] > git config --get commit.template [3ms]
2024-06-26 04:58:23.416 [info] > git for-each-ref --format=%(refname)%00%(upstream:short)%00%(objectname)%00%(upstream:track)%00%(upstream:remotename)%00%(upstream:remoteref) refs/heads/main refs/remotes/main [1ms]
2024-06-26 04:58:23.419 [info] > git status -z -uall [1ms]
2024-06-26 04:59:36.679 [info] > git ls-files --stage -- /home/akuma/usr/Codes/Data-Structure-Final-Project/main.cpp [1ms]
2024-06-26 04:59:36.682 [info] > git cat-file -s 67723255316a02bb84c4d6fe757fa0128f70ecfa [1ms]
2024-06-26 04:59:36.687 [info] > git show --textconv :main.cpp [1ms]
2024-06-26 05:11:33.650 [info] > git ls-files --stage -- /home/akuma/usr/Codes/Data-Structure-Final-Project/main.cpp [1ms]
2024-06-26 05:11:33.653 [info] > git cat-file -s 67723255316a02bb84c4d6fe757fa0128f70ecfa [1ms]
2024-06-26 05:11:33.657 [info] > git show --textconv :main.cpp [1ms]
2024-06-26 05:11:33.936 [info] > git fetch [1470ms]
2024-06-26 05:11:33.936 [info] Missing or invalid credentials.
Skip silent fetch commands
git@github.com: Permission denied (publickey).
fatal: Could not read from remote repository.

Please make sure you have the correct access rights
and the repository exists.
2024-06-26 05:11:33.942 [info] > git config --get commit.template [3ms]
2024-06-26 05:11:33.943 [info] > git for-each-ref --format=%(refname)%00%(upstream:short)%00%(objectname)%00%(upstream:track)%00%(upstream:remotename)%00%(upstream:remoteref) refs/heads/main refs/remotes/main [1ms]
2024-06-26 05:11:33.946 [info] > git status -z -uall [1ms]
