2024-06-25 15:45:03.338 [info] Extension host with pid 27661 started
2024-06-25 15:45:03.338 [info] Skipping acquiring lock for /home/akuma/.config/Code - OSS/User/workspaceStorage/edc983d1093dd9bab9fe09f806c5e472.
2024-06-25 15:45:03.503 [info] ExtensionService#_doActivateExtension vscode.emmet, startup: false, activationEvent: 'onLanguage'
2024-06-25 15:45:03.510 [info] ExtensionService#_doActivateExtension cschlosser.doxdocgen, startup: false, activationEvent: 'onLanguage:cpp'
2024-06-25 15:45:03.585 [info] ExtensionService#_doActivateExtension vadimcn.vscode-lldb, startup: false, activationEvent: 'onLanguage:cpp', root cause: franneck94.c-cpp-runner
2024-06-25 15:45:03.802 [info] ExtensionService#_doActivateExtension franneck94.c-cpp-runner, startup: false, activationEvent: 'onLanguage:cpp'
2024-06-25 15:45:03.882 [info] ExtensionService#_doActivateExtension vscode.git-base, startup: true, activationEvent: '*', root cause: vscode.git
2024-06-25 15:45:03.884 [info] ExtensionService#_doActivateExtension iocave.monkey-patch, startup: true, activationEvent: '*', root cause: iocave.customize-ui
2024-06-25 15:45:03.944 [info] ExtensionService#_doActivateExtension vscode.git, startup: true, activationEvent: '*'
2024-06-25 15:45:03.962 [info] ExtensionService#_doActivateExtension vscode.github, startup: true, activationEvent: '*'
2024-06-25 15:45:03.969 [info] ExtensionService#_doActivateExtension iocave.customize-ui, startup: true, activationEvent: '*'
2024-06-25 15:45:04.006 [info] Eager extensions activated
2024-06-25 15:45:04.027 [info] ExtensionService#_doActivateExtension vscode.debug-auto-launch, startup: false, activationEvent: 'onStartupFinished'
2024-06-25 15:45:04.031 [info] ExtensionService#_doActivateExtension vscode.merge-conflict, startup: false, activationEvent: 'onStartupFinished'
2024-06-25 15:45:04.037 [info] ExtensionService#_doActivateExtension Catppuccin.catppuccin-vsc, startup: false, activationEvent: 'onStartupFinished'
2024-06-25 15:45:04.039 [info] ExtensionService#_doActivateExtension franneck94.vscode-c-cpp-config, startup: false, activationEvent: 'onStartupFinished'
2024-06-25 15:45:04.118 [info] ExtensionService#_doActivateExtension vscode.github-authentication, startup: false, activationEvent: 'onAuthenticationRequest:github'
2024-06-25 15:46:34.853 [error] Error: [ExtensionListenerError] Extension 'cschlosser.doxdocgen' FAILED to handle event: Error: Illegal value for `line`
	at a.value (/usr/lib/code/out/vs/workbench/api/node/extensionHostProcess.js:163:20695)
	at o.y (/usr/lib/code/out/vs/workbench/api/node/extensionHostProcess.js:82:660)
	at o.z (/usr/lib/code/out/vs/workbench/api/node/extensionHostProcess.js:82:730)
	at o.fire (/usr/lib/code/out/vs/workbench/api/node/extensionHostProcess.js:82:946)
	at C.$acceptModelChanged (/usr/lib/code/out/vs/workbench/api/node/extensionHostProcess.js:153:76197)
	at c.S (/usr/lib/code/out/vs/workbench/api/node/extensionHostProcess.js:150:5505)
	at c.Q (/usr/lib/code/out/vs/workbench/api/node/extensionHostProcess.js:150:5271)
	at c.M (/usr/lib/code/out/vs/workbench/api/node/extensionHostProcess.js:150:4361)
	at c.L (/usr/lib/code/out/vs/workbench/api/node/extensionHostProcess.js:150:3440)
	at a.value (/usr/lib/code/out/vs/workbench/api/node/extensionHostProcess.js:150:2227)
	at o.y (/usr/lib/code/out/vs/workbench/api/node/extensionHostProcess.js:82:660)
	at o.fire (/usr/lib/code/out/vs/workbench/api/node/extensionHostProcess.js:82:877)
	at l.fire (/usr/lib/code/out/vs/workbench/api/node/extensionHostProcess.js:107:14171)
	at a.value (/usr/lib/code/out/vs/workbench/api/node/extensionHostProcess.js:176:8023)
	at o.y (/usr/lib/code/out/vs/workbench/api/node/extensionHostProcess.js:82:660)
	at o.fire (/usr/lib/code/out/vs/workbench/api/node/extensionHostProcess.js:82:877)
	at l.fire (/usr/lib/code/out/vs/workbench/api/node/extensionHostProcess.js:107:14171)
	at MessagePortMain.<anonymous> (/usr/lib/code/out/vs/workbench/api/node/extensionHostProcess.js:176:6303)
	at MessagePortMain.emit (node:events:517:28)
	at MessagePortMain._internalPort.emit (node:electron/js2c/utility_init:2:2285)
2024-06-25 15:57:26.144 [info] ExtensionService#_doActivateExtension vscode.json-language-features, startup: false, activationEvent: 'onLanguage:jsonc'
2024-06-25 15:57:26.165 [info] ExtensionService#_doActivateExtension vscode.typescript-language-features, startup: false, activationEvent: 'onLanguage:jsonc'
2024-06-25 16:03:50.747 [info] ExtensionService#_doActivateExtension vscode.extension-editing, startup: false, activationEvent: 'onLanguage:json'
2024-06-25 16:03:50.758 [info] ExtensionService#_doActivateExtension vscode.npm, startup: false, activationEvent: 'onLanguage:json'
2024-06-25 16:08:46.386 [info] ExtensionService#_doActivateExtension danielpinto8zz6.c-cpp-compile-run, startup: false, activationEvent: 'onCommand:extension.CompileRun'
