2024-06-25 01:41:51.572 [info] Log level: Info
2024-06-25 01:41:51.572 [info] Validating found git in: "git"
2024-06-25 01:41:51.572 [info] Using git "2.45.0" from "git"
2024-06-25 01:41:51.572 [info] > git rev-parse --show-toplevel [9ms]
2024-06-25 01:41:51.572 [info] > git rev-parse --git-dir --git-common-dir [2ms]
2024-06-25 01:41:51.572 [info] Open repository: /home/akuma/usr/Codes/Data-Structure-Final-Project
2024-06-25 01:41:51.573 [info] > git rev-parse --show-toplevel [17ms]
2024-06-25 01:41:51.573 [info] > git config --get commit.template [22ms]
2024-06-25 01:41:51.582 [info] > git rev-parse --show-toplevel [4ms]
2024-06-25 01:41:51.585 [info] > git for-each-ref --format=%(refname)%00%(upstream:short)%00%(objectname)%00%(upstream:track)%00%(upstream:remotename)%00%(upstream:remoteref) refs/heads/main refs/remotes/main [4ms]
2024-06-25 01:41:51.589 [warning] ENOENT: no such file or directory, open '/home/akuma/usr/Codes/Data-Structure-Final-Project/.git/refs/remotes/origin/main'
2024-06-25 01:41:51.590 [info] > git rev-parse refs/remotes/origin/main [1ms]
2024-06-25 01:41:51.596 [info] > git status -z -uall [3ms]
2024-06-25 01:41:51.607 [info] > git merge-base refs/heads/main refs/remotes/origin/main [7ms]
2024-06-25 01:41:51.612 [info] > git config --get commit.template [6ms]
2024-06-25 01:41:51.615 [info] > git rev-list --count --left-right refs/heads/main...refs/remotes/origin/main [5ms]
2024-06-25 01:41:51.621 [info] > git diff --name-status -z --diff-filter=ADMR 725f5f1d5d661fd4866f7e27f7f4fc1598401cd4...refs/remotes/origin/main [3ms]
2024-06-25 01:41:51.622 [info] > git for-each-ref --format=%(refname)%00%(upstream:short)%00%(objectname)%00%(upstream:track)%00%(upstream:remotename)%00%(upstream:remoteref) refs/heads/main refs/remotes/main [2ms]
2024-06-25 01:41:51.624 [warning] ENOENT: no such file or directory, open '/home/akuma/usr/Codes/Data-Structure-Final-Project/.git/refs/remotes/origin/main'
2024-06-25 01:41:51.625 [info] > git rev-parse refs/remotes/origin/main [1ms]
2024-06-25 01:41:51.629 [info] > git status -z -uall [1ms]
2024-06-25 01:41:51.988 [info] > git show --textconv :main.cpp [3ms]
2024-06-25 01:41:51.989 [info] > git ls-files --stage -- /home/akuma/usr/Codes/Data-Structure-Final-Project/main.cpp [2ms]
2024-06-25 01:41:51.992 [info] > git cat-file -s 598f8c1cfa2ae14752e93e42ce0b0484d13dae07 [1ms]
2024-06-25 01:41:52.079 [info] > git check-ignore -v -z --stdin [0ms]
2024-06-25 01:42:14.212 [info] > git show --textconv :main.cpp [3ms]
2024-06-25 01:42:14.213 [info] > git ls-files --stage -- /home/akuma/usr/Codes/Data-Structure-Final-Project/main.cpp [1ms]
2024-06-25 01:42:14.216 [info] > git cat-file -s 598f8c1cfa2ae14752e93e42ce0b0484d13dae07 [1ms]
2024-06-25 04:08:17.241 [info] > git config --get commit.template [3ms]
2024-06-25 04:08:17.242 [info] > git for-each-ref --format=%(refname)%00%(upstream:short)%00%(objectname)%00%(upstream:track)%00%(upstream:remotename)%00%(upstream:remoteref) refs/heads/main refs/remotes/main [1ms]
2024-06-25 04:08:17.244 [warning] ENOENT: no such file or directory, open '/home/akuma/usr/Codes/Data-Structure-Final-Project/.git/refs/remotes/origin/main'
2024-06-25 04:08:17.244 [info] > git rev-parse refs/remotes/origin/main [0ms]
2024-06-25 04:08:17.248 [info] > git status -z -uall [2ms]
2024-06-25 04:08:42.560 [info] > git config --get commit.template [3ms]
2024-06-25 04:08:42.560 [info] > git for-each-ref --format=%(refname)%00%(upstream:short)%00%(objectname)%00%(upstream:track)%00%(upstream:remotename)%00%(upstream:remoteref) refs/heads/main refs/remotes/main [0ms]
2024-06-25 04:08:42.563 [warning] ENOENT: no such file or directory, open '/home/akuma/usr/Codes/Data-Structure-Final-Project/.git/refs/remotes/origin/main'
2024-06-25 04:08:42.563 [info] > git rev-parse refs/remotes/origin/main [0ms]
2024-06-25 04:08:42.566 [info] > git status -z -uall [1ms]
2024-06-25 04:09:24.353 [info] > git config --get commit.template [5ms]
2024-06-25 04:09:24.354 [info] > git for-each-ref --format=%(refname)%00%(upstream:short)%00%(objectname)%00%(upstream:track)%00%(upstream:remotename)%00%(upstream:remoteref) refs/heads/main refs/remotes/main [1ms]
2024-06-25 04:09:24.357 [warning] ENOENT: no such file or directory, open '/home/akuma/usr/Codes/Data-Structure-Final-Project/.git/refs/remotes/origin/main'
2024-06-25 04:09:24.359 [info] > git rev-parse refs/remotes/origin/main [1ms]
2024-06-25 04:09:24.363 [info] > git status -z -uall [1ms]
2024-06-25 04:10:57.300 [info] > git config --get commit.template [3ms]
2024-06-25 04:10:57.300 [info] > git for-each-ref --format=%(refname)%00%(upstream:short)%00%(objectname)%00%(upstream:track)%00%(upstream:remotename)%00%(upstream:remoteref) refs/heads/main refs/remotes/main [1ms]
2024-06-25 04:10:57.303 [warning] ENOENT: no such file or directory, open '/home/akuma/usr/Codes/Data-Structure-Final-Project/.git/refs/remotes/origin/main'
2024-06-25 04:10:57.303 [info] > git rev-parse refs/remotes/origin/main [0ms]
2024-06-25 04:10:57.306 [info] > git status -z -uall [1ms]
2024-06-25 04:17:04.309 [info] > git config --get commit.template [3ms]
2024-06-25 04:17:04.310 [info] > git for-each-ref --format=%(refname)%00%(upstream:short)%00%(objectname)%00%(upstream:track)%00%(upstream:remotename)%00%(upstream:remoteref) refs/heads/main refs/remotes/main [1ms]
2024-06-25 04:17:04.313 [warning] ENOENT: no such file or directory, open '/home/akuma/usr/Codes/Data-Structure-Final-Project/.git/refs/remotes/origin/main'
2024-06-25 04:17:04.314 [info] > git rev-parse refs/remotes/origin/main [1ms]
2024-06-25 04:17:04.319 [info] > git status -z -uall [2ms]
2024-06-25 04:17:20.126 [info] > git config --get commit.template [3ms]
2024-06-25 04:17:20.126 [info] > git for-each-ref --format=%(refname)%00%(upstream:short)%00%(objectname)%00%(upstream:track)%00%(upstream:remotename)%00%(upstream:remoteref) refs/heads/main refs/remotes/main [1ms]
2024-06-25 04:17:20.128 [warning] ENOENT: no such file or directory, open '/home/akuma/usr/Codes/Data-Structure-Final-Project/.git/refs/remotes/origin/main'
2024-06-25 04:17:20.129 [info] > git rev-parse refs/remotes/origin/main [1ms]
2024-06-25 04:17:20.132 [info] > git status -z -uall [1ms]
2024-06-25 04:18:28.977 [info] > git config --get commit.template [3ms]
2024-06-25 04:18:28.978 [info] > git for-each-ref --format=%(refname)%00%(upstream:short)%00%(objectname)%00%(upstream:track)%00%(upstream:remotename)%00%(upstream:remoteref) refs/heads/main refs/remotes/main [1ms]
2024-06-25 04:18:28.980 [warning] ENOENT: no such file or directory, open '/home/akuma/usr/Codes/Data-Structure-Final-Project/.git/refs/remotes/origin/main'
2024-06-25 04:18:28.981 [info] > git rev-parse refs/remotes/origin/main [1ms]
2024-06-25 04:18:28.984 [info] > git status -z -uall [1ms]
2024-06-25 04:19:51.536 [info] > git show --textconv :main.cpp [4ms]
2024-06-25 04:19:51.537 [info] > git ls-files --stage -- /home/akuma/usr/Codes/Data-Structure-Final-Project/main.cpp [1ms]
2024-06-25 04:19:51.541 [info] > git cat-file -s 598f8c1cfa2ae14752e93e42ce0b0484d13dae07 [1ms]
2024-06-25 04:20:09.481 [info] > git show --textconv :main.cpp [5ms]
2024-06-25 04:20:09.482 [info] > git ls-files --stage -- /home/akuma/usr/Codes/Data-Structure-Final-Project/main.cpp [1ms]
2024-06-25 04:20:09.486 [info] > git cat-file -s 598f8c1cfa2ae14752e93e42ce0b0484d13dae07 [1ms]
2024-06-25 04:21:40.308 [info] > git rev-parse --show-toplevel [1ms]
2024-06-25 04:21:40.308 [info] fatal: not a git repository (or any parent up to mount point /)
Stopping at filesystem boundary (GIT_DISCOVERY_ACROSS_FILESYSTEM not set).
2024-06-25 04:22:10.764 [info] > git show --textconv :main.cpp [4ms]
2024-06-25 04:22:10.764 [info] > git ls-files --stage -- /home/akuma/usr/Codes/Data-Structure-Final-Project/main.cpp [1ms]
2024-06-25 04:22:10.767 [info] > git cat-file -s 598f8c1cfa2ae14752e93e42ce0b0484d13dae07 [1ms]
2024-06-25 04:22:15.475 [info] > git rev-parse --show-toplevel [1ms]
2024-06-25 04:22:15.475 [info] fatal: not a git repository (or any parent up to mount point /)
Stopping at filesystem boundary (GIT_DISCOVERY_ACROSS_FILESYSTEM not set).
2024-06-25 04:22:41.002 [info] > git for-each-ref --format=%(refname)%00%(upstream:short)%00%(objectname)%00%(upstream:track)%00%(upstream:remotename)%00%(upstream:remoteref) refs/heads/main refs/remotes/main [1ms]
2024-06-25 04:22:41.003 [info] > git config --get commit.template [5ms]
2024-06-25 04:22:41.006 [warning] ENOENT: no such file or directory, open '/home/akuma/usr/Codes/Data-Structure-Final-Project/.git/refs/remotes/origin/main'
2024-06-25 04:22:41.007 [info] > git rev-parse refs/remotes/origin/main [1ms]
2024-06-25 04:22:41.012 [info] > git status -z -uall [1ms]
2024-06-25 04:24:07.840 [info] > git rev-parse --show-toplevel [1ms]
2024-06-25 04:24:07.840 [info] fatal: not a git repository (or any parent up to mount point /)
Stopping at filesystem boundary (GIT_DISCOVERY_ACROSS_FILESYSTEM not set).
2024-06-25 04:41:22.114 [info] > git show --textconv :main.cpp [3ms]
2024-06-25 04:41:22.115 [info] > git ls-files --stage -- /home/akuma/usr/Codes/Data-Structure-Final-Project/main.cpp [1ms]
2024-06-25 04:41:22.118 [info] > git cat-file -s 598f8c1cfa2ae14752e93e42ce0b0484d13dae07 [0ms]
2024-06-25 04:41:47.530 [info] > git config --get commit.template [3ms]
2024-06-25 04:41:47.531 [info] > git for-each-ref --format=%(refname)%00%(upstream:short)%00%(objectname)%00%(upstream:track)%00%(upstream:remotename)%00%(upstream:remoteref) refs/heads/main refs/remotes/main [1ms]
2024-06-25 04:41:47.533 [warning] ENOENT: no such file or directory, open '/home/akuma/usr/Codes/Data-Structure-Final-Project/.git/refs/remotes/origin/main'
2024-06-25 04:41:47.534 [info] > git rev-parse refs/remotes/origin/main [1ms]
2024-06-25 04:41:47.537 [info] > git status -z -uall [1ms]
2024-06-25 04:42:15.005 [info] > git rev-parse --show-toplevel [0ms]
2024-06-25 04:42:15.005 [info] fatal: not a git repository (or any parent up to mount point /)
Stopping at filesystem boundary (GIT_DISCOVERY_ACROSS_FILESYSTEM not set).
2024-06-25 04:42:25.880 [info] > git config --get commit.template [4ms]
2024-06-25 04:42:25.880 [info] > git for-each-ref --format=%(refname)%00%(upstream:short)%00%(objectname)%00%(upstream:track)%00%(upstream:remotename)%00%(upstream:remoteref) refs/heads/main refs/remotes/main [1ms]
2024-06-25 04:42:25.884 [warning] ENOENT: no such file or directory, open '/home/akuma/usr/Codes/Data-Structure-Final-Project/.git/refs/remotes/origin/main'
2024-06-25 04:42:25.885 [info] > git rev-parse refs/remotes/origin/main [1ms]
2024-06-25 04:42:25.890 [info] > git status -z -uall [2ms]
2024-06-25 04:46:44.789 [info] > git show --textconv :main.cpp [3ms]
2024-06-25 04:46:44.790 [info] > git ls-files --stage -- /home/akuma/usr/Codes/Data-Structure-Final-Project/main.cpp [1ms]
2024-06-25 04:46:44.793 [info] > git cat-file -s 598f8c1cfa2ae14752e93e42ce0b0484d13dae07 [1ms]
2024-06-25 04:47:04.464 [info] > git config --get commit.template [3ms]
2024-06-25 04:47:04.464 [info] > git for-each-ref --format=%(refname)%00%(upstream:short)%00%(objectname)%00%(upstream:track)%00%(upstream:remotename)%00%(upstream:remoteref) refs/heads/main refs/remotes/main [0ms]
2024-06-25 04:47:04.466 [warning] ENOENT: no such file or directory, open '/home/akuma/usr/Codes/Data-Structure-Final-Project/.git/refs/remotes/origin/main'
2024-06-25 04:47:04.467 [info] > git rev-parse refs/remotes/origin/main [1ms]
2024-06-25 04:47:04.470 [info] > git status -z -uall [1ms]
2024-06-25 04:47:27.759 [info] > git rev-parse --show-toplevel [1ms]
2024-06-25 04:47:27.759 [info] fatal: not a git repository (or any parent up to mount point /)
Stopping at filesystem boundary (GIT_DISCOVERY_ACROSS_FILESYSTEM not set).
2024-06-25 04:47:32.419 [info] > git show --textconv :main.cpp [4ms]
2024-06-25 04:47:32.420 [info] > git ls-files --stage -- /home/akuma/usr/Codes/Data-Structure-Final-Project/main.cpp [1ms]
2024-06-25 04:47:32.423 [info] > git cat-file -s 598f8c1cfa2ae14752e93e42ce0b0484d13dae07 [1ms]
2024-06-25 04:51:10.919 [info] > git config --get commit.template [3ms]
2024-06-25 04:51:10.919 [info] > git for-each-ref --format=%(refname)%00%(upstream:short)%00%(objectname)%00%(upstream:track)%00%(upstream:remotename)%00%(upstream:remoteref) refs/heads/main refs/remotes/main [1ms]
2024-06-25 04:51:10.922 [warning] ENOENT: no such file or directory, open '/home/akuma/usr/Codes/Data-Structure-Final-Project/.git/refs/remotes/origin/main'
2024-06-25 04:51:10.923 [info] > git rev-parse refs/remotes/origin/main [1ms]
2024-06-25 04:51:10.927 [info] > git status -z -uall [2ms]
2024-06-25 04:54:09.073 [info] > git config --get commit.template [3ms]
2024-06-25 04:54:09.074 [info] > git for-each-ref --format=%(refname)%00%(upstream:short)%00%(objectname)%00%(upstream:track)%00%(upstream:remotename)%00%(upstream:remoteref) refs/heads/main refs/remotes/main [1ms]
2024-06-25 04:54:09.076 [warning] ENOENT: no such file or directory, open '/home/akuma/usr/Codes/Data-Structure-Final-Project/.git/refs/remotes/origin/main'
2024-06-25 04:54:09.076 [info] > git rev-parse refs/remotes/origin/main [0ms]
2024-06-25 04:54:09.080 [info] > git status -z -uall [1ms]
2024-06-25 04:55:00.069 [info] > git config --get commit.template [3ms]
2024-06-25 04:55:00.069 [info] > git for-each-ref --format=%(refname)%00%(upstream:short)%00%(objectname)%00%(upstream:track)%00%(upstream:remotename)%00%(upstream:remoteref) refs/heads/main refs/remotes/main [0ms]
2024-06-25 04:55:00.071 [warning] ENOENT: no such file or directory, open '/home/akuma/usr/Codes/Data-Structure-Final-Project/.git/refs/remotes/origin/main'
2024-06-25 04:55:00.072 [info] > git rev-parse refs/remotes/origin/main [1ms]
2024-06-25 04:55:00.075 [info] > git status -z -uall [1ms]
2024-06-25 04:55:13.319 [info] > git config --get commit.template [3ms]
2024-06-25 04:55:13.319 [info] > git for-each-ref --format=%(refname)%00%(upstream:short)%00%(objectname)%00%(upstream:track)%00%(upstream:remotename)%00%(upstream:remoteref) refs/heads/main refs/remotes/main [1ms]
2024-06-25 04:55:13.321 [warning] ENOENT: no such file or directory, open '/home/akuma/usr/Codes/Data-Structure-Final-Project/.git/refs/remotes/origin/main'
2024-06-25 04:55:13.321 [info] > git rev-parse refs/remotes/origin/main [0ms]
2024-06-25 04:55:13.325 [info] > git status -z -uall [2ms]
2024-06-25 04:55:28.439 [info] > git config --get commit.template [3ms]
2024-06-25 04:55:28.439 [info] > git for-each-ref --format=%(refname)%00%(upstream:short)%00%(objectname)%00%(upstream:track)%00%(upstream:remotename)%00%(upstream:remoteref) refs/heads/main refs/remotes/main [0ms]
2024-06-25 04:55:28.441 [warning] ENOENT: no such file or directory, open '/home/akuma/usr/Codes/Data-Structure-Final-Project/.git/refs/remotes/origin/main'
2024-06-25 04:55:28.442 [info] > git rev-parse refs/remotes/origin/main [1ms]
2024-06-25 04:55:28.445 [info] > git status -z -uall [1ms]
2024-06-25 05:03:20.269 [info] > git config --get commit.template [3ms]
2024-06-25 05:03:20.270 [info] > git for-each-ref --format=%(refname)%00%(upstream:short)%00%(objectname)%00%(upstream:track)%00%(upstream:remotename)%00%(upstream:remoteref) refs/heads/main refs/remotes/main [1ms]
2024-06-25 05:03:20.274 [warning] ENOENT: no such file or directory, open '/home/akuma/usr/Codes/Data-Structure-Final-Project/.git/refs/remotes/origin/main'
2024-06-25 05:03:20.274 [info] > git rev-parse refs/remotes/origin/main [1ms]
2024-06-25 05:03:20.278 [info] > git status -z -uall [1ms]
2024-06-25 05:03:30.416 [info] > git config --get commit.template [0ms]
2024-06-25 05:03:30.418 [info] > git for-each-ref --format=%(refname)%00%(upstream:short)%00%(objectname)%00%(upstream:track)%00%(upstream:remotename)%00%(upstream:remoteref) refs/heads/main refs/remotes/main [0ms]
2024-06-25 05:03:30.420 [warning] ENOENT: no such file or directory, open '/home/akuma/usr/Codes/Data-Structure-Final-Project/.git/refs/remotes/origin/main'
2024-06-25 05:03:30.421 [info] > git rev-parse refs/remotes/origin/main [1ms]
2024-06-25 05:03:30.424 [info] > git status -z -uall [1ms]
2024-06-25 05:04:18.111 [info] > git config --get commit.template [2ms]
2024-06-25 05:04:18.111 [info] > git for-each-ref --format=%(refname)%00%(upstream:short)%00%(objectname)%00%(upstream:track)%00%(upstream:remotename)%00%(upstream:remoteref) refs/heads/main refs/remotes/main [0ms]
2024-06-25 05:04:18.114 [warning] ENOENT: no such file or directory, open '/home/akuma/usr/Codes/Data-Structure-Final-Project/.git/refs/remotes/origin/main'
2024-06-25 05:04:18.114 [info] > git rev-parse refs/remotes/origin/main [0ms]
2024-06-25 05:04:18.118 [info] > git status -z -uall [1ms]
2024-06-25 05:05:07.291 [info] > git config --get commit.template [3ms]
2024-06-25 05:05:07.292 [info] > git for-each-ref --format=%(refname)%00%(upstream:short)%00%(objectname)%00%(upstream:track)%00%(upstream:remotename)%00%(upstream:remoteref) refs/heads/main refs/remotes/main [1ms]
2024-06-25 05:05:07.294 [warning] ENOENT: no such file or directory, open '/home/akuma/usr/Codes/Data-Structure-Final-Project/.git/refs/remotes/origin/main'
2024-06-25 05:05:07.294 [info] > git rev-parse refs/remotes/origin/main [0ms]
2024-06-25 05:05:07.298 [info] > git status -z -uall [2ms]
2024-06-25 05:10:48.558 [info] > git config --get commit.template [3ms]
2024-06-25 05:10:48.559 [info] > git for-each-ref --format=%(refname)%00%(upstream:short)%00%(objectname)%00%(upstream:track)%00%(upstream:remotename)%00%(upstream:remoteref) refs/heads/main refs/remotes/main [0ms]
2024-06-25 05:10:48.561 [warning] ENOENT: no such file or directory, open '/home/akuma/usr/Codes/Data-Structure-Final-Project/.git/refs/remotes/origin/main'
2024-06-25 05:10:48.561 [info] > git rev-parse refs/remotes/origin/main [0ms]
2024-06-25 05:10:48.565 [info] > git status -z -uall [1ms]
2024-06-25 05:14:54.480 [info] > git config --get commit.template [5ms]
2024-06-25 05:14:54.481 [info] > git for-each-ref --format=%(refname)%00%(upstream:short)%00%(objectname)%00%(upstream:track)%00%(upstream:remotename)%00%(upstream:remoteref) refs/heads/main refs/remotes/main [1ms]
2024-06-25 05:14:54.486 [info] > git status -z -uall [1ms]
2024-06-25 05:14:54.492 [info] > git merge-base refs/heads/main refs/remotes/origin/main [2ms]
2024-06-25 05:14:54.496 [info] > git rev-list --count --left-right refs/heads/main...refs/remotes/origin/main [1ms]
2024-06-25 05:14:54.501 [info] > git diff --name-status -z --diff-filter=ADMR 725f5f1d5d661fd4866f7e27f7f4fc1598401cd4...refs/remotes/origin/main [1ms]
2024-06-25 05:14:54.515 [info] > git ls-files --stage -- /home/akuma/usr/Codes/Data-Structure-Final-Project/main.cpp [1ms]
2024-06-25 05:14:54.523 [info] > git cat-file -s 7f6721855e727e0631275670c4e9f2faa4a21f85 [2ms]
2024-06-25 05:14:54.541 [info] > git show --textconv :main.cpp [2ms]
2024-06-25 05:15:41.702 [info] > git config --get commit.template [5ms]
2024-06-25 05:15:41.702 [info] > git for-each-ref --format=%(refname)%00%(upstream:short)%00%(objectname)%00%(upstream:track)%00%(upstream:remotename)%00%(upstream:remoteref) refs/heads/main refs/remotes/main [1ms]
2024-06-25 05:15:41.707 [info] > git status -z -uall [1ms]
2024-06-25 05:24:38.084 [info] > git config --get commit.template [5ms]
2024-06-25 05:24:38.088 [info] > git ls-files --stage -- /home/akuma/usr/Codes/Data-Structure-Final-Project/main.cpp [5ms]
2024-06-25 05:24:38.091 [info] > git for-each-ref --format=%(refname)%00%(upstream:short)%00%(objectname)%00%(upstream:track)%00%(upstream:remotename)%00%(upstream:remoteref) refs/heads/merge/quick-Sort refs/remotes/merge/quick-Sort [4ms]
2024-06-25 05:24:38.094 [info] > git cat-file -s 7f6721855e727e0631275670c4e9f2faa4a21f85 [4ms]
2024-06-25 05:24:38.094 [info] > git status -z -uall [1ms]
2024-06-25 05:24:38.106 [info] > git show --textconv :main.cpp [1ms]
2024-06-25 05:27:56.282 [info] > git config --get commit.template [4ms]
2024-06-25 05:27:56.286 [info] > git ls-files --stage -- /home/akuma/usr/Codes/Data-Structure-Final-Project/main.cpp [4ms]
2024-06-25 05:27:56.294 [info] > git for-each-ref --format=%(refname)%00%(upstream:short)%00%(objectname)%00%(upstream:track)%00%(upstream:remotename)%00%(upstream:remoteref) refs/heads/main refs/remotes/main [8ms]
2024-06-25 05:27:56.294 [info] > git cat-file -s 598f8c1cfa2ae14752e93e42ce0b0484d13dae07 [1ms]
2024-06-25 05:27:56.302 [info] > git status -z -uall [5ms]
2024-06-25 05:27:56.308 [info] > git show --textconv :main.cpp [7ms]
2024-06-25 05:27:56.308 [info] > git merge-base refs/heads/main refs/remotes/origin/main [2ms]
2024-06-25 05:27:56.314 [info] > git rev-list --count --left-right refs/heads/main...refs/remotes/origin/main [2ms]
2024-06-25 05:27:56.320 [info] > git diff --name-status -z --diff-filter=ADMR 725f5f1d5d661fd4866f7e27f7f4fc1598401cd4...refs/remotes/origin/main [2ms]
2024-06-25 05:28:01.316 [info] > git config --get commit.template [3ms]
2024-06-25 05:28:01.316 [info] > git for-each-ref --format=%(refname)%00%(upstream:short)%00%(objectname)%00%(upstream:track)%00%(upstream:remotename)%00%(upstream:remoteref) refs/heads/main refs/remotes/main [1ms]
2024-06-25 05:28:01.320 [info] > git status -z -uall [1ms]
2024-06-25 05:35:23.855 [info] > git config --get commit.template [5ms]
2024-06-25 05:35:23.855 [info] > git for-each-ref --format=%(refname)%00%(upstream:short)%00%(objectname)%00%(upstream:track)%00%(upstream:remotename)%00%(upstream:remoteref) refs/heads/merge/quick-Sort refs/remotes/merge/quick-Sort [1ms]
2024-06-25 05:35:23.860 [info] > git status -z -uall [2ms]
2024-06-25 05:35:23.886 [info] > git ls-files --stage -- /home/akuma/usr/Codes/Data-Structure-Final-Project/main.cpp [1ms]
2024-06-25 05:35:23.890 [info] > git cat-file -s 7f6721855e727e0631275670c4e9f2faa4a21f85 [1ms]
2024-06-25 05:35:23.898 [info] > git show --textconv :main.cpp [1ms]
2024-06-25 05:35:59.034 [info] > git config --get commit.template [5ms]
2024-06-25 05:35:59.034 [info] > git for-each-ref --format=%(refname)%00%(upstream:short)%00%(objectname)%00%(upstream:track)%00%(upstream:remotename)%00%(upstream:remoteref) refs/heads/merge/quick-Sort refs/remotes/merge/quick-Sort [0ms]
2024-06-25 05:35:59.039 [info] > git status -z -uall [2ms]
2024-06-25 05:39:11.278 [info] > git config --get commit.template [2ms]
2024-06-25 05:39:11.279 [info] > git for-each-ref --format=%(refname)%00%(upstream:short)%00%(objectname)%00%(upstream:track)%00%(upstream:remotename)%00%(upstream:remoteref) refs/heads/merge/quick-Sort refs/remotes/merge/quick-Sort [1ms]
2024-06-25 05:39:11.282 [info] > git status -z -uall [2ms]
