2024-06-25 01:41:50.855 [info] Started local extension host with pid 1722.
2024-06-25 01:41:53.537 [info] [perf] Render performance baseline is 21ms
2024-06-25 01:42:09.664 [warning] Settings pattern "accessibility.signalOptions.*" doesn't match any settings
2024-06-25 04:21:40.331 [error] [ExtensionListenerError] Extension 'cschlosser.doxdocgen' FAILED to handle event: Error: Illegal value for `line`: Error: [ExtensionListenerError] Extension 'cschlosser.doxdocgen' FAILED to handle event: Error: Illegal value for `line`
	at a.value (/usr/lib/code/out/vs/workbench/api/node/extensionHostProcess.js:163:20695)
	at o.y (/usr/lib/code/out/vs/workbench/api/node/extensionHostProcess.js:82:660)
	at o.z (/usr/lib/code/out/vs/workbench/api/node/extensionHostProcess.js:82:730)
	at o.fire (/usr/lib/code/out/vs/workbench/api/node/extensionHostProcess.js:82:946)
	at C.$acceptModelChanged (/usr/lib/code/out/vs/workbench/api/node/extensionHostProcess.js:153:76197)
	at c.S (/usr/lib/code/out/vs/workbench/api/node/extensionHostProcess.js:150:5505)
	at c.Q (/usr/lib/code/out/vs/workbench/api/node/extensionHostProcess.js:150:5271)
	at c.M (/usr/lib/code/out/vs/workbench/api/node/extensionHostProcess.js:150:4361)
	at c.L (/usr/lib/code/out/vs/workbench/api/node/extensionHostProcess.js:150:3440)
	at a.value (/usr/lib/code/out/vs/workbench/api/node/extensionHostProcess.js:150:2227)
	at o.y (/usr/lib/code/out/vs/workbench/api/node/extensionHostProcess.js:82:660)
	at o.fire (/usr/lib/code/out/vs/workbench/api/node/extensionHostProcess.js:82:877)
	at l.fire (/usr/lib/code/out/vs/workbench/api/node/extensionHostProcess.js:107:14171)
	at a.value (/usr/lib/code/out/vs/workbench/api/node/extensionHostProcess.js:176:8023)
	at o.y (/usr/lib/code/out/vs/workbench/api/node/extensionHostProcess.js:82:660)
	at o.fire (/usr/lib/code/out/vs/workbench/api/node/extensionHostProcess.js:82:877)
	at l.fire (/usr/lib/code/out/vs/workbench/api/node/extensionHostProcess.js:107:14171)
	at MessagePortMain.<anonymous> (/usr/lib/code/out/vs/workbench/api/node/extensionHostProcess.js:176:6303)
	at MessagePortMain.emit (node:events:517:28)
	at MessagePortMain._internalPort.emit (node:electron/js2c/utility_init:2:2285)
2024-06-25 04:46:55.710 [error] [ExtensionListenerError] Extension 'cschlosser.doxdocgen' FAILED to handle event: Error: Illegal value for `line`: Error: [ExtensionListenerError] Extension 'cschlosser.doxdocgen' FAILED to handle event: Error: Illegal value for `line`
	at a.value (/usr/lib/code/out/vs/workbench/api/node/extensionHostProcess.js:163:20695)
	at o.y (/usr/lib/code/out/vs/workbench/api/node/extensionHostProcess.js:82:660)
	at o.z (/usr/lib/code/out/vs/workbench/api/node/extensionHostProcess.js:82:730)
	at o.fire (/usr/lib/code/out/vs/workbench/api/node/extensionHostProcess.js:82:946)
	at C.$acceptModelChanged (/usr/lib/code/out/vs/workbench/api/node/extensionHostProcess.js:153:76197)
	at c.S (/usr/lib/code/out/vs/workbench/api/node/extensionHostProcess.js:150:5505)
	at c.Q (/usr/lib/code/out/vs/workbench/api/node/extensionHostProcess.js:150:5271)
	at c.M (/usr/lib/code/out/vs/workbench/api/node/extensionHostProcess.js:150:4361)
	at c.L (/usr/lib/code/out/vs/workbench/api/node/extensionHostProcess.js:150:3440)
	at a.value (/usr/lib/code/out/vs/workbench/api/node/extensionHostProcess.js:150:2227)
	at o.y (/usr/lib/code/out/vs/workbench/api/node/extensionHostProcess.js:82:660)
	at o.fire (/usr/lib/code/out/vs/workbench/api/node/extensionHostProcess.js:82:877)
	at l.fire (/usr/lib/code/out/vs/workbench/api/node/extensionHostProcess.js:107:14171)
	at a.value (/usr/lib/code/out/vs/workbench/api/node/extensionHostProcess.js:176:8023)
	at o.y (/usr/lib/code/out/vs/workbench/api/node/extensionHostProcess.js:82:660)
	at o.fire (/usr/lib/code/out/vs/workbench/api/node/extensionHostProcess.js:82:877)
	at l.fire (/usr/lib/code/out/vs/workbench/api/node/extensionHostProcess.js:107:14171)
	at MessagePortMain.<anonymous> (/usr/lib/code/out/vs/workbench/api/node/extensionHostProcess.js:176:6303)
	at MessagePortMain.emit (node:events:517:28)
	at MessagePortMain._internalPort.emit (node:electron/js2c/utility_init:2:2285)
2024-06-25 04:47:30.793 [error] [ExtensionListenerError] Extension 'cschlosser.doxdocgen' FAILED to handle event: Error: Illegal value for `line`: Error: [ExtensionListenerError] Extension 'cschlosser.doxdocgen' FAILED to handle event: Error: Illegal value for `line`
	at a.value (/usr/lib/code/out/vs/workbench/api/node/extensionHostProcess.js:163:20695)
	at o.y (/usr/lib/code/out/vs/workbench/api/node/extensionHostProcess.js:82:660)
	at o.z (/usr/lib/code/out/vs/workbench/api/node/extensionHostProcess.js:82:730)
	at o.fire (/usr/lib/code/out/vs/workbench/api/node/extensionHostProcess.js:82:946)
	at C.$acceptModelChanged (/usr/lib/code/out/vs/workbench/api/node/extensionHostProcess.js:153:76197)
	at c.S (/usr/lib/code/out/vs/workbench/api/node/extensionHostProcess.js:150:5505)
	at c.Q (/usr/lib/code/out/vs/workbench/api/node/extensionHostProcess.js:150:5271)
	at c.M (/usr/lib/code/out/vs/workbench/api/node/extensionHostProcess.js:150:4361)
	at c.L (/usr/lib/code/out/vs/workbench/api/node/extensionHostProcess.js:150:3440)
	at a.value (/usr/lib/code/out/vs/workbench/api/node/extensionHostProcess.js:150:2227)
	at o.y (/usr/lib/code/out/vs/workbench/api/node/extensionHostProcess.js:82:660)
	at o.fire (/usr/lib/code/out/vs/workbench/api/node/extensionHostProcess.js:82:877)
	at l.fire (/usr/lib/code/out/vs/workbench/api/node/extensionHostProcess.js:107:14171)
	at a.value (/usr/lib/code/out/vs/workbench/api/node/extensionHostProcess.js:176:8023)
	at o.y (/usr/lib/code/out/vs/workbench/api/node/extensionHostProcess.js:82:660)
	at o.fire (/usr/lib/code/out/vs/workbench/api/node/extensionHostProcess.js:82:877)
	at l.fire (/usr/lib/code/out/vs/workbench/api/node/extensionHostProcess.js:107:14171)
	at MessagePortMain.<anonymous> (/usr/lib/code/out/vs/workbench/api/node/extensionHostProcess.js:176:6303)
	at MessagePortMain.emit (node:events:517:28)
	at MessagePortMain._internalPort.emit (node:electron/js2c/utility_init:2:2285)
2024-06-25 04:51:07.631 [error] [ExtensionListenerError] Extension 'cschlosser.doxdocgen' FAILED to handle event: Error: Illegal value for `line`: Error: [ExtensionListenerError] Extension 'cschlosser.doxdocgen' FAILED to handle event: Error: Illegal value for `line`
	at a.value (/usr/lib/code/out/vs/workbench/api/node/extensionHostProcess.js:163:20695)
	at o.y (/usr/lib/code/out/vs/workbench/api/node/extensionHostProcess.js:82:660)
	at o.z (/usr/lib/code/out/vs/workbench/api/node/extensionHostProcess.js:82:730)
	at o.fire (/usr/lib/code/out/vs/workbench/api/node/extensionHostProcess.js:82:946)
	at C.$acceptModelChanged (/usr/lib/code/out/vs/workbench/api/node/extensionHostProcess.js:153:76197)
	at c.S (/usr/lib/code/out/vs/workbench/api/node/extensionHostProcess.js:150:5505)
	at c.Q (/usr/lib/code/out/vs/workbench/api/node/extensionHostProcess.js:150:5271)
	at c.M (/usr/lib/code/out/vs/workbench/api/node/extensionHostProcess.js:150:4361)
	at c.L (/usr/lib/code/out/vs/workbench/api/node/extensionHostProcess.js:150:3440)
	at a.value (/usr/lib/code/out/vs/workbench/api/node/extensionHostProcess.js:150:2227)
	at o.y (/usr/lib/code/out/vs/workbench/api/node/extensionHostProcess.js:82:660)
	at o.fire (/usr/lib/code/out/vs/workbench/api/node/extensionHostProcess.js:82:877)
	at l.fire (/usr/lib/code/out/vs/workbench/api/node/extensionHostProcess.js:107:14171)
	at a.value (/usr/lib/code/out/vs/workbench/api/node/extensionHostProcess.js:176:8023)
	at o.y (/usr/lib/code/out/vs/workbench/api/node/extensionHostProcess.js:82:660)
	at o.fire (/usr/lib/code/out/vs/workbench/api/node/extensionHostProcess.js:82:877)
	at l.fire (/usr/lib/code/out/vs/workbench/api/node/extensionHostProcess.js:107:14171)
	at MessagePortMain.<anonymous> (/usr/lib/code/out/vs/workbench/api/node/extensionHostProcess.js:176:6303)
	at MessagePortMain.emit (node:events:517:28)
	at MessagePortMain._internalPort.emit (node:electron/js2c/utility_init:2:2285)
