2024-06-25 01:41:51.102 [info] Extension host with pid 1722 started
2024-06-25 01:41:51.102 [info] Skipping acquiring lock for /home/akuma/.config/Code - OSS/User/workspaceStorage/edc983d1093dd9bab9fe09f806c5e472.
2024-06-25 01:41:51.312 [info] ExtensionService#_doActivateExtension vscode.emmet, startup: false, activationEvent: 'onLanguage'
2024-06-25 01:41:51.318 [info] ExtensionService#_doActivateExtension cschlosser.doxdocgen, startup: false, activationEvent: 'onLanguage:cpp'
2024-06-25 01:41:51.375 [info] ExtensionService#_doActivateExtension vadimcn.vscode-lldb, startup: false, activationEvent: 'onLanguage:cpp', root cause: franneck94.c-cpp-runner
2024-06-25 01:41:51.399 [info] ExtensionService#_doActivateExtension franneck94.c-cpp-runner, startup: false, activationEvent: 'onLanguage:cpp'
2024-06-25 01:41:51.430 [info] ExtensionService#_doActivateExtension vscode.git-base, startup: true, activationEvent: '*', root cause: vscode.git
2024-06-25 01:41:51.432 [info] ExtensionService#_doActivateExtension iocave.monkey-patch, startup: true, activationEvent: '*', root cause: iocave.customize-ui
2024-06-25 01:41:51.447 [info] ExtensionService#_doActivateExtension vscode.git, startup: true, activationEvent: '*'
2024-06-25 01:41:51.461 [info] ExtensionService#_doActivateExtension vscode.github, startup: true, activationEvent: '*'
2024-06-25 01:41:51.485 [info] ExtensionService#_doActivateExtension iocave.customize-ui, startup: true, activationEvent: '*'
2024-06-25 01:41:51.508 [info] Eager extensions activated
2024-06-25 01:41:51.559 [info] ExtensionService#_doActivateExtension vscode.debug-auto-launch, startup: false, activationEvent: 'onStartupFinished'
2024-06-25 01:41:51.561 [info] ExtensionService#_doActivateExtension vscode.merge-conflict, startup: false, activationEvent: 'onStartupFinished'
2024-06-25 01:41:51.566 [info] ExtensionService#_doActivateExtension Catppuccin.catppuccin-vsc, startup: false, activationEvent: 'onStartupFinished'
2024-06-25 01:41:51.570 [info] ExtensionService#_doActivateExtension franneck94.vscode-c-cpp-config, startup: false, activationEvent: 'onStartupFinished'
2024-06-25 01:41:51.652 [info] ExtensionService#_doActivateExtension vscode.github-authentication, startup: false, activationEvent: 'onAuthenticationRequest:github'
2024-06-25 04:08:17.608 [info] ExtensionService#_doActivateExtension danielpinto8zz6.c-cpp-compile-run, startup: false, activationEvent: 'onCommand:extension.CompileRun'
2024-06-25 04:08:18.755 [info] ExtensionService#_doActivateExtension vscode.npm, startup: false, activationEvent: 'onTerminalQuickFixRequest:ms-vscode.npm-command'
2024-06-25 04:21:40.280 [error] Error: [ExtensionListenerError] Extension 'cschlosser.doxdocgen' FAILED to handle event: Error: Illegal value for `line`
	at a.value (/usr/lib/code/out/vs/workbench/api/node/extensionHostProcess.js:163:20695)
	at o.y (/usr/lib/code/out/vs/workbench/api/node/extensionHostProcess.js:82:660)
	at o.z (/usr/lib/code/out/vs/workbench/api/node/extensionHostProcess.js:82:730)
	at o.fire (/usr/lib/code/out/vs/workbench/api/node/extensionHostProcess.js:82:946)
	at C.$acceptModelChanged (/usr/lib/code/out/vs/workbench/api/node/extensionHostProcess.js:153:76197)
	at c.S (/usr/lib/code/out/vs/workbench/api/node/extensionHostProcess.js:150:5505)
	at c.Q (/usr/lib/code/out/vs/workbench/api/node/extensionHostProcess.js:150:5271)
	at c.M (/usr/lib/code/out/vs/workbench/api/node/extensionHostProcess.js:150:4361)
	at c.L (/usr/lib/code/out/vs/workbench/api/node/extensionHostProcess.js:150:3440)
	at a.value (/usr/lib/code/out/vs/workbench/api/node/extensionHostProcess.js:150:2227)
	at o.y (/usr/lib/code/out/vs/workbench/api/node/extensionHostProcess.js:82:660)
	at o.fire (/usr/lib/code/out/vs/workbench/api/node/extensionHostProcess.js:82:877)
	at l.fire (/usr/lib/code/out/vs/workbench/api/node/extensionHostProcess.js:107:14171)
	at a.value (/usr/lib/code/out/vs/workbench/api/node/extensionHostProcess.js:176:8023)
	at o.y (/usr/lib/code/out/vs/workbench/api/node/extensionHostProcess.js:82:660)
	at o.fire (/usr/lib/code/out/vs/workbench/api/node/extensionHostProcess.js:82:877)
	at l.fire (/usr/lib/code/out/vs/workbench/api/node/extensionHostProcess.js:107:14171)
	at MessagePortMain.<anonymous> (/usr/lib/code/out/vs/workbench/api/node/extensionHostProcess.js:176:6303)
	at MessagePortMain.emit (node:events:517:28)
	at MessagePortMain._internalPort.emit (node:electron/js2c/utility_init:2:2285)
2024-06-25 04:46:55.694 [error] Error: [ExtensionListenerError] Extension 'cschlosser.doxdocgen' FAILED to handle event: Error: Illegal value for `line`
	at a.value (/usr/lib/code/out/vs/workbench/api/node/extensionHostProcess.js:163:20695)
	at o.y (/usr/lib/code/out/vs/workbench/api/node/extensionHostProcess.js:82:660)
	at o.z (/usr/lib/code/out/vs/workbench/api/node/extensionHostProcess.js:82:730)
	at o.fire (/usr/lib/code/out/vs/workbench/api/node/extensionHostProcess.js:82:946)
	at C.$acceptModelChanged (/usr/lib/code/out/vs/workbench/api/node/extensionHostProcess.js:153:76197)
	at c.S (/usr/lib/code/out/vs/workbench/api/node/extensionHostProcess.js:150:5505)
	at c.Q (/usr/lib/code/out/vs/workbench/api/node/extensionHostProcess.js:150:5271)
	at c.M (/usr/lib/code/out/vs/workbench/api/node/extensionHostProcess.js:150:4361)
	at c.L (/usr/lib/code/out/vs/workbench/api/node/extensionHostProcess.js:150:3440)
	at a.value (/usr/lib/code/out/vs/workbench/api/node/extensionHostProcess.js:150:2227)
	at o.y (/usr/lib/code/out/vs/workbench/api/node/extensionHostProcess.js:82:660)
	at o.fire (/usr/lib/code/out/vs/workbench/api/node/extensionHostProcess.js:82:877)
	at l.fire (/usr/lib/code/out/vs/workbench/api/node/extensionHostProcess.js:107:14171)
	at a.value (/usr/lib/code/out/vs/workbench/api/node/extensionHostProcess.js:176:8023)
	at o.y (/usr/lib/code/out/vs/workbench/api/node/extensionHostProcess.js:82:660)
	at o.fire (/usr/lib/code/out/vs/workbench/api/node/extensionHostProcess.js:82:877)
	at l.fire (/usr/lib/code/out/vs/workbench/api/node/extensionHostProcess.js:107:14171)
	at MessagePortMain.<anonymous> (/usr/lib/code/out/vs/workbench/api/node/extensionHostProcess.js:176:6303)
	at MessagePortMain.emit (node:events:517:28)
	at MessagePortMain._internalPort.emit (node:electron/js2c/utility_init:2:2285)
2024-06-25 04:47:30.780 [error] Error: [ExtensionListenerError] Extension 'cschlosser.doxdocgen' FAILED to handle event: Error: Illegal value for `line`
	at a.value (/usr/lib/code/out/vs/workbench/api/node/extensionHostProcess.js:163:20695)
	at o.y (/usr/lib/code/out/vs/workbench/api/node/extensionHostProcess.js:82:660)
	at o.z (/usr/lib/code/out/vs/workbench/api/node/extensionHostProcess.js:82:730)
	at o.fire (/usr/lib/code/out/vs/workbench/api/node/extensionHostProcess.js:82:946)
	at C.$acceptModelChanged (/usr/lib/code/out/vs/workbench/api/node/extensionHostProcess.js:153:76197)
	at c.S (/usr/lib/code/out/vs/workbench/api/node/extensionHostProcess.js:150:5505)
	at c.Q (/usr/lib/code/out/vs/workbench/api/node/extensionHostProcess.js:150:5271)
	at c.M (/usr/lib/code/out/vs/workbench/api/node/extensionHostProcess.js:150:4361)
	at c.L (/usr/lib/code/out/vs/workbench/api/node/extensionHostProcess.js:150:3440)
	at a.value (/usr/lib/code/out/vs/workbench/api/node/extensionHostProcess.js:150:2227)
	at o.y (/usr/lib/code/out/vs/workbench/api/node/extensionHostProcess.js:82:660)
	at o.fire (/usr/lib/code/out/vs/workbench/api/node/extensionHostProcess.js:82:877)
	at l.fire (/usr/lib/code/out/vs/workbench/api/node/extensionHostProcess.js:107:14171)
	at a.value (/usr/lib/code/out/vs/workbench/api/node/extensionHostProcess.js:176:8023)
	at o.y (/usr/lib/code/out/vs/workbench/api/node/extensionHostProcess.js:82:660)
	at o.fire (/usr/lib/code/out/vs/workbench/api/node/extensionHostProcess.js:82:877)
	at l.fire (/usr/lib/code/out/vs/workbench/api/node/extensionHostProcess.js:107:14171)
	at MessagePortMain.<anonymous> (/usr/lib/code/out/vs/workbench/api/node/extensionHostProcess.js:176:6303)
	at MessagePortMain.emit (node:events:517:28)
	at MessagePortMain._internalPort.emit (node:electron/js2c/utility_init:2:2285)
2024-06-25 04:51:07.621 [error] Error: [ExtensionListenerError] Extension 'cschlosser.doxdocgen' FAILED to handle event: Error: Illegal value for `line`
	at a.value (/usr/lib/code/out/vs/workbench/api/node/extensionHostProcess.js:163:20695)
	at o.y (/usr/lib/code/out/vs/workbench/api/node/extensionHostProcess.js:82:660)
	at o.z (/usr/lib/code/out/vs/workbench/api/node/extensionHostProcess.js:82:730)
	at o.fire (/usr/lib/code/out/vs/workbench/api/node/extensionHostProcess.js:82:946)
	at C.$acceptModelChanged (/usr/lib/code/out/vs/workbench/api/node/extensionHostProcess.js:153:76197)
	at c.S (/usr/lib/code/out/vs/workbench/api/node/extensionHostProcess.js:150:5505)
	at c.Q (/usr/lib/code/out/vs/workbench/api/node/extensionHostProcess.js:150:5271)
	at c.M (/usr/lib/code/out/vs/workbench/api/node/extensionHostProcess.js:150:4361)
	at c.L (/usr/lib/code/out/vs/workbench/api/node/extensionHostProcess.js:150:3440)
	at a.value (/usr/lib/code/out/vs/workbench/api/node/extensionHostProcess.js:150:2227)
	at o.y (/usr/lib/code/out/vs/workbench/api/node/extensionHostProcess.js:82:660)
	at o.fire (/usr/lib/code/out/vs/workbench/api/node/extensionHostProcess.js:82:877)
	at l.fire (/usr/lib/code/out/vs/workbench/api/node/extensionHostProcess.js:107:14171)
	at a.value (/usr/lib/code/out/vs/workbench/api/node/extensionHostProcess.js:176:8023)
	at o.y (/usr/lib/code/out/vs/workbench/api/node/extensionHostProcess.js:82:660)
	at o.fire (/usr/lib/code/out/vs/workbench/api/node/extensionHostProcess.js:82:877)
	at l.fire (/usr/lib/code/out/vs/workbench/api/node/extensionHostProcess.js:107:14171)
	at MessagePortMain.<anonymous> (/usr/lib/code/out/vs/workbench/api/node/extensionHostProcess.js:176:6303)
	at MessagePortMain.emit (node:events:517:28)
	at MessagePortMain._internalPort.emit (node:electron/js2c/utility_init:2:2285)
2024-06-25 05:39:12.652 [info] Extension host terminating: renderer closed the MessagePort
2024-06-25 05:39:12.658 [error] Canceled: Canceled
	at new L (/usr/lib/code/out/vs/workbench/api/node/extensionHostProcess.js:143:47131)
	at c.U (/usr/lib/code/out/vs/workbench/api/node/extensionHostProcess.js:150:5542)
	at T.<computed>.z.charCodeAt.T.<computed> (/usr/lib/code/out/vs/workbench/api/node/extensionHostProcess.js:150:2993)
	at r.g (/usr/lib/code/out/vs/workbench/api/node/extensionHostProcess.js:153:189505)
	at r.executeCommand (/usr/lib/code/out/vs/workbench/api/node/extensionHostProcess.js:153:188943)
	at E.registerCommand.description (/usr/lib/code/out/vs/workbench/api/node/extensionHostProcess.js:153:188267)
	at r.h (/usr/lib/code/out/vs/workbench/api/node/extensionHostProcess.js:153:190044)
	at r.g (/usr/lib/code/out/vs/workbench/api/node/extensionHostProcess.js:153:189036)
	at r.executeCommand (/usr/lib/code/out/vs/workbench/api/node/extensionHostProcess.js:153:188943)
	at Object.executeCommand (/usr/lib/code/out/vs/workbench/api/node/extensionHostProcess.js:163:22688)
	at a.O [as value] (/usr/lib/code/extensions/git/dist/main.js:2:945138)
	at o.y (/usr/lib/code/out/vs/workbench/api/node/extensionHostProcess.js:82:660)
	at o.z (/usr/lib/code/out/vs/workbench/api/node/extensionHostProcess.js:82:730)
	at o.fire (/usr/lib/code/out/vs/workbench/api/node/extensionHostProcess.js:82:946)
	at Object.p [as dispose] (/usr/lib/code/extensions/git/dist/main.js:2:964222)
	at /usr/lib/code/extensions/git/dist/main.js:2:970260
	at Array.forEach (<anonymous>)
	at f.dispose (/usr/lib/code/extensions/git/dist/main.js:2:970246)
	at h.<anonymous> (/usr/lib/code/out/vs/workbench/api/node/extensionHostProcess.js:151:3981)
	at h.dispose (/usr/lib/code/out/vs/workbench/api/node/extensionHostProcess.js:151:4078)
	at h.<anonymous> (/usr/lib/code/extensions/git/dist/main.js:2:947395)
	at h.dispose (/usr/lib/code/out/vs/workbench/api/node/extensionHostProcess.js:151:4078)
	at a (/usr/lib/code/out/vs/workbench/api/node/extensionHostProcess.js:30:744)
	at f.eb (/usr/lib/code/out/vs/workbench/api/node/extensionHostProcess.js:159:9946)
	at /usr/lib/code/out/vs/workbench/api/node/extensionHostProcess.js:159:7822
	at Array.map (<anonymous>)
	at f.$ (/usr/lib/code/out/vs/workbench/api/node/extensionHostProcess.js:159:7809)
	at f.terminate (/usr/lib/code/out/vs/workbench/api/node/extensionHostProcess.js:159:8082)
	at a.terminate (/usr/lib/code/out/vs/workbench/api/node/extensionHostProcess.js:163:1513)
	at t (/usr/lib/code/out/vs/workbench/api/node/extensionHostProcess.js:176:9922)
	at MessagePortMain.<anonymous> (/usr/lib/code/out/vs/workbench/api/node/extensionHostProcess.js:176:6347)
	at MessagePortMain.emit (node:events:517:28)
	at MessagePortMain._internalPort.emit (node:electron/js2c/utility_init:2:2285) setContext undefined
2024-06-25 05:39:12.659 [error] Canceled: Canceled
	at new L (/usr/lib/code/out/vs/workbench/api/node/extensionHostProcess.js:143:47131)
	at c.U (/usr/lib/code/out/vs/workbench/api/node/extensionHostProcess.js:150:5542)
	at T.<computed>.z.charCodeAt.T.<computed> (/usr/lib/code/out/vs/workbench/api/node/extensionHostProcess.js:150:2993)
	at r.g (/usr/lib/code/out/vs/workbench/api/node/extensionHostProcess.js:153:189505)
	at r.executeCommand (/usr/lib/code/out/vs/workbench/api/node/extensionHostProcess.js:153:188943)
	at E.registerCommand.description (/usr/lib/code/out/vs/workbench/api/node/extensionHostProcess.js:153:188267)
	at r.h (/usr/lib/code/out/vs/workbench/api/node/extensionHostProcess.js:153:190044)
	at r.g (/usr/lib/code/out/vs/workbench/api/node/extensionHostProcess.js:153:189036)
	at r.executeCommand (/usr/lib/code/out/vs/workbench/api/node/extensionHostProcess.js:153:188943)
	at Object.executeCommand (/usr/lib/code/out/vs/workbench/api/node/extensionHostProcess.js:163:22688)
	at set hasGitHubRepositories [as hasGitHubRepositories] (/usr/lib/code/extensions/github/dist/extension.js:2:322969)
	at /usr/lib/code/extensions/github/dist/extension.js:2:323928
	at a.value (/usr/lib/code/extensions/git/dist/main.js:2:1050711)
	at o.y (/usr/lib/code/out/vs/workbench/api/node/extensionHostProcess.js:82:660)
	at o.z (/usr/lib/code/out/vs/workbench/api/node/extensionHostProcess.js:82:730)
	at o.fire (/usr/lib/code/out/vs/workbench/api/node/extensionHostProcess.js:82:946)
	at Object.p [as dispose] (/usr/lib/code/extensions/git/dist/main.js:2:964222)
	at /usr/lib/code/extensions/git/dist/main.js:2:970260
	at Array.forEach (<anonymous>)
	at f.dispose (/usr/lib/code/extensions/git/dist/main.js:2:970246)
	at h.<anonymous> (/usr/lib/code/out/vs/workbench/api/node/extensionHostProcess.js:151:3981)
	at h.dispose (/usr/lib/code/out/vs/workbench/api/node/extensionHostProcess.js:151:4078)
	at h.<anonymous> (/usr/lib/code/extensions/git/dist/main.js:2:947395)
	at h.dispose (/usr/lib/code/out/vs/workbench/api/node/extensionHostProcess.js:151:4078)
	at a (/usr/lib/code/out/vs/workbench/api/node/extensionHostProcess.js:30:744)
	at f.eb (/usr/lib/code/out/vs/workbench/api/node/extensionHostProcess.js:159:9946)
	at /usr/lib/code/out/vs/workbench/api/node/extensionHostProcess.js:159:7822
	at Array.map (<anonymous>)
	at f.$ (/usr/lib/code/out/vs/workbench/api/node/extensionHostProcess.js:159:7809)
	at f.terminate (/usr/lib/code/out/vs/workbench/api/node/extensionHostProcess.js:159:8082)
	at a.terminate (/usr/lib/code/out/vs/workbench/api/node/extensionHostProcess.js:163:1513)
	at t (/usr/lib/code/out/vs/workbench/api/node/extensionHostProcess.js:176:9922)
	at MessagePortMain.<anonymous> (/usr/lib/code/out/vs/workbench/api/node/extensionHostProcess.js:176:6347)
	at MessagePortMain.emit (node:events:517:28)
	at MessagePortMain._internalPort.emit (node:electron/js2c/utility_init:2:2285) setContext undefined
2024-06-25 05:39:12.659 [error] Canceled: Canceled
	at new L (/usr/lib/code/out/vs/workbench/api/node/extensionHostProcess.js:143:47131)
	at c.U (/usr/lib/code/out/vs/workbench/api/node/extensionHostProcess.js:150:5542)
	at T.<computed>.z.charCodeAt.T.<computed> (/usr/lib/code/out/vs/workbench/api/node/extensionHostProcess.js:150:2993)
	at r.g (/usr/lib/code/out/vs/workbench/api/node/extensionHostProcess.js:153:189505)
	at r.executeCommand (/usr/lib/code/out/vs/workbench/api/node/extensionHostProcess.js:153:188943)
	at E.registerCommand.description (/usr/lib/code/out/vs/workbench/api/node/extensionHostProcess.js:153:188267)
	at r.h (/usr/lib/code/out/vs/workbench/api/node/extensionHostProcess.js:153:190044)
	at r.g (/usr/lib/code/out/vs/workbench/api/node/extensionHostProcess.js:153:189036)
	at r.executeCommand (/usr/lib/code/out/vs/workbench/api/node/extensionHostProcess.js:153:188943)
	at Object.executeCommand (/usr/lib/code/out/vs/workbench/api/node/extensionHostProcess.js:163:22688)
	at setContextValue (/home/akuma/.vscode-oss/extensions/franneck94.c-cpp-runner-9.4.7-universal/dist/main.js:5980:28)
	at Object.deactivate (/home/akuma/.vscode-oss/extensions/franneck94.c-cpp-runner-9.4.7-universal/dist/main.js:3869:39)
	at f.eb (/usr/lib/code/out/vs/workbench/api/node/extensionHostProcess.js:159:9751)
	at /usr/lib/code/out/vs/workbench/api/node/extensionHostProcess.js:159:7822
	at Array.map (<anonymous>)
	at f.$ (/usr/lib/code/out/vs/workbench/api/node/extensionHostProcess.js:159:7809)
	at f.terminate (/usr/lib/code/out/vs/workbench/api/node/extensionHostProcess.js:159:8082)
	at a.terminate (/usr/lib/code/out/vs/workbench/api/node/extensionHostProcess.js:163:1513)
	at t (/usr/lib/code/out/vs/workbench/api/node/extensionHostProcess.js:176:9922)
	at MessagePortMain.<anonymous> (/usr/lib/code/out/vs/workbench/api/node/extensionHostProcess.js:176:6347)
	at MessagePortMain.emit (node:events:517:28)
	at MessagePortMain._internalPort.emit (node:electron/js2c/utility_init:2:2285) setContext undefined
2024-06-25 05:39:12.659 [info] Extension host with pid 1722 exiting with code 0
